{"/Users/V/Desktop/School/CS310/cpsc310project_team191/src/controller/InsightFacade.js":{"path":"/Users/V/Desktop/School/CS310/cpsc310project_team191/src/controller/InsightFacade.js","statementMap":{"0":{"start":{"line":2,"column":13},"end":{"line":2,"column":31}},"1":{"start":{"line":3,"column":13},"end":{"line":3,"column":28}},"2":{"start":{"line":4,"column":25},"end":{"line":4,"column":68}},"3":{"start":{"line":5,"column":23},"end":{"line":5,"column":50}},"4":{"start":{"line":6,"column":21},"end":{"line":1012,"column":3}},"5":{"start":{"line":8,"column":8},"end":{"line":8,"column":59}},"6":{"start":{"line":9,"column":8},"end":{"line":9,"column":58}},"7":{"start":{"line":11,"column":4},"end":{"line":45,"column":6}},"8":{"start":{"line":12,"column":19},"end":{"line":12,"column":23}},"9":{"start":{"line":13,"column":8},"end":{"line":44,"column":11}},"10":{"start":{"line":14,"column":12},"end":{"line":16,"column":13}},"11":{"start":{"line":15,"column":16},"end":{"line":15,"column":114}},"12":{"start":{"line":17,"column":12},"end":{"line":19,"column":13}},"13":{"start":{"line":18,"column":16},"end":{"line":18,"column":107}},"14":{"start":{"line":20,"column":12},"end":{"line":36,"column":13}},"15":{"start":{"line":21,"column":16},"end":{"line":35,"column":19}},"16":{"start":{"line":22,"column":20},"end":{"line":29,"column":23}},"17":{"start":{"line":23,"column":24},"end":{"line":23,"column":49}},"18":{"start":{"line":25,"column":24},"end":{"line":28,"column":27}},"19":{"start":{"line":31,"column":20},"end":{"line":34,"column":23}},"20":{"start":{"line":37,"column":12},"end":{"line":43,"column":15}},"21":{"start":{"line":38,"column":16},"end":{"line":38,"column":34}},"22":{"start":{"line":39,"column":16},"end":{"line":39,"column":23}},"23":{"start":{"line":41,"column":16},"end":{"line":41,"column":33}},"24":{"start":{"line":42,"column":16},"end":{"line":42,"column":23}},"25":{"start":{"line":46,"column":4},"end":{"line":77,"column":6}},"26":{"start":{"line":47,"column":19},"end":{"line":47,"column":23}},"27":{"start":{"line":48,"column":8},"end":{"line":76,"column":11}},"28":{"start":{"line":49,"column":12},"end":{"line":54,"column":13}},"29":{"start":{"line":50,"column":16},"end":{"line":53,"column":19}},"30":{"start":{"line":55,"column":12},"end":{"line":75,"column":13}},"31":{"start":{"line":56,"column":25},"end":{"line":56,"column":38}},"32":{"start":{"line":57,"column":26},"end":{"line":57,"column":80}},"33":{"start":{"line":58,"column":16},"end":{"line":63,"column":17}},"34":{"start":{"line":59,"column":20},"end":{"line":62,"column":23}},"35":{"start":{"line":64,"column":16},"end":{"line":64,"column":63}},"36":{"start":{"line":65,"column":16},"end":{"line":67,"column":17}},"37":{"start":{"line":66,"column":20},"end":{"line":66,"column":63}},"38":{"start":{"line":68,"column":16},"end":{"line":68,"column":106}},"39":{"start":{"line":71,"column":16},"end":{"line":74,"column":19}},"40":{"start":{"line":78,"column":4},"end":{"line":1010,"column":6}},"41":{"start":{"line":79,"column":19},"end":{"line":79,"column":23}},"42":{"start":{"line":80,"column":8},"end":{"line":82,"column":9}},"43":{"start":{"line":81,"column":12},"end":{"line":81,"column":38}},"44":{"start":{"line":83,"column":8},"end":{"line":1009,"column":11}},"45":{"start":{"line":84,"column":29},"end":{"line":84,"column":31}},"46":{"start":{"line":85,"column":30},"end":{"line":85,"column":45}},"47":{"start":{"line":86,"column":12},"end":{"line":88,"column":13}},"48":{"start":{"line":87,"column":16},"end":{"line":87,"column":77}},"49":{"start":{"line":89,"column":32},"end":{"line":89,"column":34}},"50":{"start":{"line":90,"column":24},"end":{"line":90,"column":29}},"51":{"start":{"line":91,"column":23},"end":{"line":91,"column":28}},"52":{"start":{"line":92,"column":27},"end":{"line":92,"column":29}},"53":{"start":{"line":93,"column":32},"end":{"line":93,"column":34}},"54":{"start":{"line":94,"column":28},"end":{"line":94,"column":58}},"55":{"start":{"line":95,"column":12},"end":{"line":95,"column":40}},"56":{"start":{"line":96,"column":12},"end":{"line":96,"column":39}},"57":{"start":{"line":97,"column":32},"end":{"line":97,"column":51}},"58":{"start":{"line":98,"column":12},"end":{"line":262,"column":15}},"59":{"start":{"line":99,"column":16},"end":{"line":258,"column":17}},"60":{"start":{"line":100,"column":20},"end":{"line":105,"column":21}},"61":{"start":{"line":101,"column":24},"end":{"line":101,"column":61}},"62":{"start":{"line":102,"column":24},"end":{"line":104,"column":25}},"63":{"start":{"line":103,"column":28},"end":{"line":103,"column":51}},"64":{"start":{"line":106,"column":20},"end":{"line":257,"column":21}},"65":{"start":{"line":107,"column":24},"end":{"line":165,"column":25}},"66":{"start":{"line":108,"column":28},"end":{"line":164,"column":29}},"67":{"start":{"line":109,"column":46},"end":{"line":109,"column":48}},"68":{"start":{"line":110,"column":51},"end":{"line":110,"column":53}},"69":{"start":{"line":111,"column":47},"end":{"line":111,"column":49}},"70":{"start":{"line":112,"column":32},"end":{"line":130,"column":33}},"71":{"start":{"line":113,"column":36},"end":{"line":113,"column":77}},"72":{"start":{"line":114,"column":36},"end":{"line":126,"column":37}},"73":{"start":{"line":115,"column":40},"end":{"line":115,"column":80}},"74":{"start":{"line":116,"column":57},"end":{"line":116,"column":144}},"75":{"start":{"line":116,"column":105},"end":{"line":116,"column":141}},"76":{"start":{"line":117,"column":40},"end":{"line":122,"column":41}},"77":{"start":{"line":118,"column":44},"end":{"line":118,"column":91}},"78":{"start":{"line":121,"column":44},"end":{"line":121,"column":154}},"79":{"start":{"line":125,"column":40},"end":{"line":125,"column":129}},"80":{"start":{"line":129,"column":36},"end":{"line":129,"column":107}},"81":{"start":{"line":131,"column":32},"end":{"line":163,"column":33}},"82":{"start":{"line":132,"column":48},"end":{"line":132,"column":78}},"83":{"start":{"line":133,"column":36},"end":{"line":156,"column":37}},"84":{"start":{"line":134,"column":52},"end":{"line":134,"column":76}},"85":{"start":{"line":135,"column":51},"end":{"line":135,"column":66}},"86":{"start":{"line":136,"column":40},"end":{"line":139,"column":41}},"87":{"start":{"line":137,"column":57},"end":{"line":137,"column":83}},"88":{"start":{"line":138,"column":44},"end":{"line":138,"column":99}},"89":{"start":{"line":140,"column":40},"end":{"line":143,"column":41}},"90":{"start":{"line":141,"column":57},"end":{"line":141,"column":83}},"91":{"start":{"line":142,"column":44},"end":{"line":142,"column":99}},"92":{"start":{"line":144,"column":40},"end":{"line":147,"column":41}},"93":{"start":{"line":145,"column":57},"end":{"line":145,"column":83}},"94":{"start":{"line":146,"column":44},"end":{"line":146,"column":99}},"95":{"start":{"line":148,"column":40},"end":{"line":151,"column":41}},"96":{"start":{"line":149,"column":57},"end":{"line":149,"column":83}},"97":{"start":{"line":150,"column":44},"end":{"line":150,"column":99}},"98":{"start":{"line":152,"column":40},"end":{"line":155,"column":41}},"99":{"start":{"line":153,"column":57},"end":{"line":153,"column":83}},"100":{"start":{"line":154,"column":44},"end":{"line":154,"column":101}},"101":{"start":{"line":157,"column":36},"end":{"line":159,"column":37}},"102":{"start":{"line":158,"column":40},"end":{"line":158,"column":74}},"103":{"start":{"line":160,"column":36},"end":{"line":160,"column":54}},"104":{"start":{"line":161,"column":36},"end":{"line":161,"column":56}},"105":{"start":{"line":162,"column":36},"end":{"line":162,"column":50}},"106":{"start":{"line":166,"column":24},"end":{"line":207,"column":25}},"107":{"start":{"line":167,"column":42},"end":{"line":167,"column":51}},"108":{"start":{"line":168,"column":47},"end":{"line":168,"column":51}},"109":{"start":{"line":169,"column":38},"end":{"line":169,"column":60}},"110":{"start":{"line":170,"column":28},"end":{"line":180,"column":29}},"111":{"start":{"line":171,"column":32},"end":{"line":173,"column":33}},"112":{"start":{"line":172,"column":36},"end":{"line":172,"column":58}},"113":{"start":{"line":174,"column":32},"end":{"line":176,"column":33}},"114":{"start":{"line":175,"column":36},"end":{"line":175,"column":62}},"115":{"start":{"line":179,"column":32},"end":{"line":179,"column":46}},"116":{"start":{"line":181,"column":58},"end":{"line":181,"column":63}},"117":{"start":{"line":182,"column":28},"end":{"line":198,"column":31}},"118":{"start":{"line":183,"column":49},"end":{"line":183,"column":80}},"119":{"start":{"line":184,"column":32},"end":{"line":191,"column":33}},"120":{"start":{"line":185,"column":36},"end":{"line":190,"column":37}},"121":{"start":{"line":186,"column":40},"end":{"line":189,"column":41}},"122":{"start":{"line":187,"column":44},"end":{"line":187,"column":75}},"123":{"start":{"line":188,"column":44},"end":{"line":188,"column":51}},"124":{"start":{"line":192,"column":32},"end":{"line":197,"column":33}},"125":{"start":{"line":193,"column":36},"end":{"line":196,"column":37}},"126":{"start":{"line":194,"column":40},"end":{"line":194,"column":71}},"127":{"start":{"line":195,"column":40},"end":{"line":195,"column":47}},"128":{"start":{"line":199,"column":28},"end":{"line":204,"column":29}},"129":{"start":{"line":200,"column":32},"end":{"line":203,"column":35}},"130":{"start":{"line":205,"column":28},"end":{"line":205,"column":61}},"131":{"start":{"line":206,"column":28},"end":{"line":206,"column":65}},"132":{"start":{"line":208,"column":24},"end":{"line":254,"column":25}},"133":{"start":{"line":209,"column":28},"end":{"line":253,"column":29}},"134":{"start":{"line":210,"column":32},"end":{"line":252,"column":33}},"135":{"start":{"line":211,"column":45},"end":{"line":211,"column":82}},"136":{"start":{"line":212,"column":36},"end":{"line":214,"column":37}},"137":{"start":{"line":213,"column":40},"end":{"line":213,"column":108}},"138":{"start":{"line":215,"column":50},"end":{"line":248,"column":37}},"139":{"start":{"line":216,"column":56},"end":{"line":216,"column":58}},"140":{"start":{"line":217,"column":40},"end":{"line":246,"column":43}},"141":{"start":{"line":218,"column":44},"end":{"line":220,"column":45}},"142":{"start":{"line":219,"column":48},"end":{"line":219,"column":118}},"143":{"start":{"line":221,"column":60},"end":{"line":221,"column":97}},"144":{"start":{"line":222,"column":60},"end":{"line":222,"column":84}},"145":{"start":{"line":223,"column":63},"end":{"line":223,"column":72}},"146":{"start":{"line":224,"column":44},"end":{"line":232,"column":45}},"147":{"start":{"line":225,"column":48},"end":{"line":231,"column":49}},"148":{"start":{"line":226,"column":72},"end":{"line":226,"column":92}},"149":{"start":{"line":227,"column":52},"end":{"line":227,"column":89}},"150":{"start":{"line":230,"column":52},"end":{"line":230,"column":88}},"151":{"start":{"line":233,"column":44},"end":{"line":241,"column":45}},"152":{"start":{"line":234,"column":48},"end":{"line":240,"column":49}},"153":{"start":{"line":235,"column":72},"end":{"line":235,"column":92}},"154":{"start":{"line":236,"column":52},"end":{"line":236,"column":89}},"155":{"start":{"line":239,"column":52},"end":{"line":239,"column":88}},"156":{"start":{"line":242,"column":44},"end":{"line":244,"column":45}},"157":{"start":{"line":243,"column":48},"end":{"line":243,"column":84}},"158":{"start":{"line":245,"column":44},"end":{"line":245,"column":80}},"159":{"start":{"line":247,"column":40},"end":{"line":247,"column":68}},"160":{"start":{"line":249,"column":36},"end":{"line":251,"column":37}},"161":{"start":{"line":250,"column":40},"end":{"line":250,"column":50}},"162":{"start":{"line":255,"column":24},"end":{"line":255,"column":80}},"163":{"start":{"line":256,"column":24},"end":{"line":256,"column":85}},"164":{"start":{"line":259,"column":16},"end":{"line":259,"column":46}},"165":{"start":{"line":261,"column":16},"end":{"line":261,"column":118}},"166":{"start":{"line":264,"column":30},"end":{"line":264,"column":32}},"167":{"start":{"line":265,"column":31},"end":{"line":265,"column":33}},"168":{"start":{"line":266,"column":16},"end":{"line":430,"column":19}},"169":{"start":{"line":267,"column":20},"end":{"line":429,"column":21}},"170":{"start":{"line":268,"column":37},"end":{"line":268,"column":43}},"171":{"start":{"line":269,"column":24},"end":{"line":428,"column":25}},"172":{"start":{"line":270,"column":28},"end":{"line":396,"column":29}},"173":{"start":{"line":271,"column":32},"end":{"line":271,"column":54}},"174":{"start":{"line":272,"column":32},"end":{"line":274,"column":33}},"175":{"start":{"line":273,"column":36},"end":{"line":273,"column":97}},"176":{"start":{"line":275,"column":32},"end":{"line":281,"column":33}},"177":{"start":{"line":276,"column":36},"end":{"line":276,"column":48}},"178":{"start":{"line":277,"column":36},"end":{"line":277,"column":50}},"179":{"start":{"line":280,"column":36},"end":{"line":280,"column":49}},"180":{"start":{"line":282,"column":32},"end":{"line":286,"column":33}},"181":{"start":{"line":283,"column":36},"end":{"line":285,"column":37}},"182":{"start":{"line":284,"column":40},"end":{"line":284,"column":50}},"183":{"start":{"line":287,"column":32},"end":{"line":289,"column":33}},"184":{"start":{"line":288,"column":36},"end":{"line":288,"column":75}},"185":{"start":{"line":290,"column":32},"end":{"line":394,"column":33}},"186":{"start":{"line":291,"column":52},"end":{"line":291,"column":54}},"187":{"start":{"line":292,"column":36},"end":{"line":359,"column":37}},"188":{"start":{"line":293,"column":40},"end":{"line":298,"column":41}},"189":{"start":{"line":294,"column":60},"end":{"line":294,"column":74}},"190":{"start":{"line":295,"column":61},"end":{"line":295,"column":73}},"191":{"start":{"line":296,"column":44},"end":{"line":296,"column":79}},"192":{"start":{"line":297,"column":44},"end":{"line":297,"column":60}},"193":{"start":{"line":299,"column":40},"end":{"line":317,"column":41}},"194":{"start":{"line":300,"column":60},"end":{"line":300,"column":74}},"195":{"start":{"line":301,"column":61},"end":{"line":301,"column":75}},"196":{"start":{"line":302,"column":44},"end":{"line":304,"column":45}},"197":{"start":{"line":303,"column":48},"end":{"line":303,"column":73}},"198":{"start":{"line":305,"column":44},"end":{"line":307,"column":45}},"199":{"start":{"line":306,"column":48},"end":{"line":306,"column":75}},"200":{"start":{"line":308,"column":44},"end":{"line":314,"column":45}},"201":{"start":{"line":309,"column":48},"end":{"line":313,"column":49}},"202":{"start":{"line":310,"column":52},"end":{"line":312,"column":53}},"203":{"start":{"line":311,"column":56},"end":{"line":311,"column":85}},"204":{"start":{"line":315,"column":44},"end":{"line":315,"column":77}},"205":{"start":{"line":316,"column":44},"end":{"line":316,"column":60}},"206":{"start":{"line":318,"column":40},"end":{"line":358,"column":41}},"207":{"start":{"line":319,"column":44},"end":{"line":337,"column":45}},"208":{"start":{"line":320,"column":48},"end":{"line":320,"column":63}},"209":{"start":{"line":321,"column":64},"end":{"line":321,"column":78}},"210":{"start":{"line":322,"column":65},"end":{"line":322,"column":79}},"211":{"start":{"line":323,"column":48},"end":{"line":325,"column":49}},"212":{"start":{"line":324,"column":52},"end":{"line":324,"column":77}},"213":{"start":{"line":326,"column":48},"end":{"line":328,"column":49}},"214":{"start":{"line":327,"column":52},"end":{"line":327,"column":79}},"215":{"start":{"line":329,"column":48},"end":{"line":335,"column":49}},"216":{"start":{"line":330,"column":52},"end":{"line":334,"column":53}},"217":{"start":{"line":331,"column":56},"end":{"line":333,"column":57}},"218":{"start":{"line":332,"column":60},"end":{"line":332,"column":90}},"219":{"start":{"line":336,"column":48},"end":{"line":336,"column":73}},"220":{"start":{"line":338,"column":44},"end":{"line":357,"column":45}},"221":{"start":{"line":339,"column":48},"end":{"line":339,"column":63}},"222":{"start":{"line":340,"column":64},"end":{"line":340,"column":78}},"223":{"start":{"line":341,"column":65},"end":{"line":341,"column":79}},"224":{"start":{"line":342,"column":48},"end":{"line":344,"column":49}},"225":{"start":{"line":343,"column":52},"end":{"line":343,"column":77}},"226":{"start":{"line":345,"column":48},"end":{"line":347,"column":49}},"227":{"start":{"line":346,"column":52},"end":{"line":346,"column":79}},"228":{"start":{"line":348,"column":48},"end":{"line":354,"column":49}},"229":{"start":{"line":349,"column":52},"end":{"line":353,"column":53}},"230":{"start":{"line":350,"column":56},"end":{"line":352,"column":57}},"231":{"start":{"line":351,"column":60},"end":{"line":351,"column":89}},"232":{"start":{"line":355,"column":48},"end":{"line":355,"column":81}},"233":{"start":{"line":356,"column":48},"end":{"line":356,"column":64}},"234":{"start":{"line":360,"column":36},"end":{"line":393,"column":37}},"235":{"start":{"line":361,"column":40},"end":{"line":373,"column":41}},"236":{"start":{"line":362,"column":44},"end":{"line":362,"column":59}},"237":{"start":{"line":363,"column":60},"end":{"line":363,"column":74}},"238":{"start":{"line":364,"column":61},"end":{"line":364,"column":75}},"239":{"start":{"line":365,"column":44},"end":{"line":367,"column":45}},"240":{"start":{"line":366,"column":48},"end":{"line":366,"column":73}},"241":{"start":{"line":368,"column":44},"end":{"line":370,"column":45}},"242":{"start":{"line":369,"column":48},"end":{"line":369,"column":75}},"243":{"start":{"line":371,"column":44},"end":{"line":371,"column":90}},"244":{"start":{"line":372,"column":44},"end":{"line":372,"column":69}},"245":{"start":{"line":374,"column":40},"end":{"line":386,"column":41}},"246":{"start":{"line":375,"column":44},"end":{"line":375,"column":59}},"247":{"start":{"line":376,"column":60},"end":{"line":376,"column":74}},"248":{"start":{"line":377,"column":61},"end":{"line":377,"column":75}},"249":{"start":{"line":378,"column":44},"end":{"line":380,"column":45}},"250":{"start":{"line":379,"column":48},"end":{"line":379,"column":73}},"251":{"start":{"line":381,"column":44},"end":{"line":383,"column":45}},"252":{"start":{"line":382,"column":48},"end":{"line":382,"column":75}},"253":{"start":{"line":384,"column":44},"end":{"line":384,"column":89}},"254":{"start":{"line":385,"column":44},"end":{"line":385,"column":60}},"255":{"start":{"line":387,"column":40},"end":{"line":392,"column":41}},"256":{"start":{"line":388,"column":60},"end":{"line":388,"column":74}},"257":{"start":{"line":389,"column":61},"end":{"line":389,"column":73}},"258":{"start":{"line":390,"column":44},"end":{"line":390,"column":66}},"259":{"start":{"line":391,"column":44},"end":{"line":391,"column":60}},"260":{"start":{"line":395,"column":32},"end":{"line":395,"column":47}},"261":{"start":{"line":397,"column":28},"end":{"line":401,"column":29}},"262":{"start":{"line":398,"column":32},"end":{"line":398,"column":54}},"263":{"start":{"line":399,"column":32},"end":{"line":399,"column":65}},"264":{"start":{"line":400,"column":32},"end":{"line":400,"column":47}},"265":{"start":{"line":402,"column":28},"end":{"line":406,"column":29}},"266":{"start":{"line":403,"column":32},"end":{"line":403,"column":54}},"267":{"start":{"line":404,"column":32},"end":{"line":404,"column":65}},"268":{"start":{"line":405,"column":32},"end":{"line":405,"column":47}},"269":{"start":{"line":407,"column":28},"end":{"line":424,"column":29}},"270":{"start":{"line":408,"column":32},"end":{"line":408,"column":54}},"271":{"start":{"line":409,"column":32},"end":{"line":414,"column":33}},"272":{"start":{"line":410,"column":36},"end":{"line":410,"column":50}},"273":{"start":{"line":413,"column":36},"end":{"line":413,"column":49}},"274":{"start":{"line":415,"column":47},"end":{"line":415,"column":53}},"275":{"start":{"line":416,"column":32},"end":{"line":418,"column":33}},"276":{"start":{"line":417,"column":36},"end":{"line":417,"column":69}},"277":{"start":{"line":419,"column":32},"end":{"line":423,"column":33}},"278":{"start":{"line":420,"column":36},"end":{"line":422,"column":37}},"279":{"start":{"line":421,"column":40},"end":{"line":421,"column":76}},"280":{"start":{"line":427,"column":28},"end":{"line":427,"column":101}},"281":{"start":{"line":431,"column":16},"end":{"line":450,"column":17}},"282":{"start":{"line":432,"column":20},"end":{"line":449,"column":21}},"283":{"start":{"line":433,"column":47},"end":{"line":433,"column":101}},"284":{"start":{"line":434,"column":24},"end":{"line":440,"column":27}},"285":{"start":{"line":435,"column":28},"end":{"line":439,"column":31}},"286":{"start":{"line":436,"column":32},"end":{"line":438,"column":35}},"287":{"start":{"line":437,"column":36},"end":{"line":437,"column":125}},"288":{"start":{"line":443,"column":45},"end":{"line":443,"column":97}},"289":{"start":{"line":444,"column":24},"end":{"line":448,"column":27}},"290":{"start":{"line":445,"column":28},"end":{"line":447,"column":31}},"291":{"start":{"line":446,"column":32},"end":{"line":446,"column":93}},"292":{"start":{"line":451,"column":16},"end":{"line":453,"column":17}},"293":{"start":{"line":452,"column":20},"end":{"line":452,"column":36}},"294":{"start":{"line":454,"column":16},"end":{"line":454,"column":31}},"295":{"start":{"line":457,"column":29},"end":{"line":457,"column":31}},"296":{"start":{"line":458,"column":29},"end":{"line":458,"column":31}},"297":{"start":{"line":459,"column":29},"end":{"line":459,"column":31}},"298":{"start":{"line":460,"column":16},"end":{"line":481,"column":17}},"299":{"start":{"line":461,"column":36},"end":{"line":461,"column":38}},"300":{"start":{"line":462,"column":39},"end":{"line":462,"column":41}},"301":{"start":{"line":463,"column":36},"end":{"line":463,"column":45}},"302":{"start":{"line":464,"column":36},"end":{"line":464,"column":57}},"303":{"start":{"line":465,"column":20},"end":{"line":471,"column":21}},"304":{"start":{"line":466,"column":24},"end":{"line":468,"column":25}},"305":{"start":{"line":467,"column":28},"end":{"line":467,"column":98}},"306":{"start":{"line":469,"column":24},"end":{"line":469,"column":41}},"307":{"start":{"line":470,"column":24},"end":{"line":470,"column":64}},"308":{"start":{"line":472,"column":20},"end":{"line":472,"column":41}},"309":{"start":{"line":473,"column":20},"end":{"line":480,"column":21}},"310":{"start":{"line":474,"column":24},"end":{"line":474,"column":73}},"311":{"start":{"line":477,"column":24},"end":{"line":477,"column":50}},"312":{"start":{"line":478,"column":24},"end":{"line":478,"column":73}},"313":{"start":{"line":479,"column":24},"end":{"line":479,"column":58}},"314":{"start":{"line":482,"column":16},"end":{"line":482,"column":30}},"315":{"start":{"line":485,"column":29},"end":{"line":485,"column":31}},"316":{"start":{"line":486,"column":16},"end":{"line":592,"column":17}},"317":{"start":{"line":487,"column":32},"end":{"line":487,"column":41}},"318":{"start":{"line":488,"column":36},"end":{"line":488,"column":38}},"319":{"start":{"line":489,"column":20},"end":{"line":518,"column":21}},"320":{"start":{"line":490,"column":24},"end":{"line":492,"column":25}},"321":{"start":{"line":491,"column":28},"end":{"line":491,"column":98}},"322":{"start":{"line":493,"column":40},"end":{"line":493,"column":41}},"323":{"start":{"line":494,"column":40},"end":{"line":494,"column":61}},"324":{"start":{"line":495,"column":43},"end":{"line":495,"column":52}},"325":{"start":{"line":496,"column":24},"end":{"line":504,"column":25}},"326":{"start":{"line":497,"column":28},"end":{"line":503,"column":29}},"327":{"start":{"line":498,"column":52},"end":{"line":498,"column":72}},"328":{"start":{"line":499,"column":32},"end":{"line":499,"column":72}},"329":{"start":{"line":502,"column":32},"end":{"line":502,"column":68}},"330":{"start":{"line":505,"column":24},"end":{"line":513,"column":25}},"331":{"start":{"line":506,"column":28},"end":{"line":512,"column":29}},"332":{"start":{"line":507,"column":52},"end":{"line":507,"column":72}},"333":{"start":{"line":508,"column":32},"end":{"line":508,"column":69}},"334":{"start":{"line":511,"column":32},"end":{"line":511,"column":68}},"335":{"start":{"line":514,"column":24},"end":{"line":516,"column":25}},"336":{"start":{"line":515,"column":28},"end":{"line":515,"column":64}},"337":{"start":{"line":517,"column":24},"end":{"line":517,"column":53}},"338":{"start":{"line":519,"column":20},"end":{"line":530,"column":21}},"339":{"start":{"line":520,"column":34},"end":{"line":520,"column":65}},"340":{"start":{"line":521,"column":24},"end":{"line":529,"column":25}},"341":{"start":{"line":522,"column":28},"end":{"line":522,"column":99}},"342":{"start":{"line":525,"column":28},"end":{"line":528,"column":29}},"343":{"start":{"line":526,"column":48},"end":{"line":526,"column":69}},"344":{"start":{"line":527,"column":32},"end":{"line":527,"column":54}},"345":{"start":{"line":531,"column":20},"end":{"line":542,"column":21}},"346":{"start":{"line":532,"column":34},"end":{"line":532,"column":65}},"347":{"start":{"line":533,"column":24},"end":{"line":541,"column":25}},"348":{"start":{"line":534,"column":28},"end":{"line":534,"column":99}},"349":{"start":{"line":537,"column":28},"end":{"line":540,"column":29}},"350":{"start":{"line":538,"column":48},"end":{"line":538,"column":69}},"351":{"start":{"line":539,"column":32},"end":{"line":539,"column":54}},"352":{"start":{"line":543,"column":20},"end":{"line":567,"column":21}},"353":{"start":{"line":544,"column":39},"end":{"line":553,"column":26}},"354":{"start":{"line":545,"column":28},"end":{"line":552,"column":29}},"355":{"start":{"line":546,"column":32},"end":{"line":546,"column":103}},"356":{"start":{"line":549,"column":44},"end":{"line":549,"column":58}},"357":{"start":{"line":550,"column":32},"end":{"line":550,"column":65}},"358":{"start":{"line":551,"column":32},"end":{"line":551,"column":45}},"359":{"start":{"line":554,"column":36},"end":{"line":554,"column":59}},"360":{"start":{"line":555,"column":24},"end":{"line":566,"column":25}},"361":{"start":{"line":556,"column":28},"end":{"line":556,"column":99}},"362":{"start":{"line":559,"column":38},"end":{"line":559,"column":62}},"363":{"start":{"line":560,"column":28},"end":{"line":560,"column":43}},"364":{"start":{"line":561,"column":38},"end":{"line":561,"column":60}},"365":{"start":{"line":562,"column":28},"end":{"line":565,"column":29}},"366":{"start":{"line":563,"column":48},"end":{"line":563,"column":69}},"367":{"start":{"line":564,"column":32},"end":{"line":564,"column":54}},"368":{"start":{"line":568,"column":20},"end":{"line":579,"column":21}},"369":{"start":{"line":569,"column":34},"end":{"line":569,"column":58}},"370":{"start":{"line":570,"column":24},"end":{"line":578,"column":25}},"371":{"start":{"line":571,"column":28},"end":{"line":571,"column":99}},"372":{"start":{"line":574,"column":28},"end":{"line":577,"column":29}},"373":{"start":{"line":575,"column":48},"end":{"line":575,"column":69}},"374":{"start":{"line":576,"column":32},"end":{"line":576,"column":73}},"375":{"start":{"line":580,"column":20},"end":{"line":591,"column":21}},"376":{"start":{"line":581,"column":36},"end":{"line":581,"column":37}},"377":{"start":{"line":582,"column":37},"end":{"line":582,"column":39}},"378":{"start":{"line":583,"column":24},"end":{"line":585,"column":27}},"379":{"start":{"line":584,"column":28},"end":{"line":584,"column":61}},"380":{"start":{"line":586,"column":24},"end":{"line":586,"column":59}},"381":{"start":{"line":587,"column":24},"end":{"line":590,"column":25}},"382":{"start":{"line":588,"column":44},"end":{"line":588,"column":65}},"383":{"start":{"line":589,"column":28},"end":{"line":589,"column":64}},"384":{"start":{"line":595,"column":16},"end":{"line":595,"column":45}},"385":{"start":{"line":598,"column":27},"end":{"line":598,"column":32}},"386":{"start":{"line":599,"column":16},"end":{"line":610,"column":17}},"387":{"start":{"line":600,"column":20},"end":{"line":609,"column":21}},"388":{"start":{"line":601,"column":24},"end":{"line":608,"column":25}},"389":{"start":{"line":602,"column":28},"end":{"line":607,"column":29}},"390":{"start":{"line":603,"column":32},"end":{"line":603,"column":45}},"391":{"start":{"line":606,"column":32},"end":{"line":606,"column":44}},"392":{"start":{"line":613,"column":16},"end":{"line":622,"column":17}},"393":{"start":{"line":614,"column":20},"end":{"line":621,"column":21}},"394":{"start":{"line":615,"column":24},"end":{"line":620,"column":25}},"395":{"start":{"line":616,"column":28},"end":{"line":616,"column":40}},"396":{"start":{"line":619,"column":28},"end":{"line":619,"column":41}},"397":{"start":{"line":625,"column":16},"end":{"line":657,"column":17}},"398":{"start":{"line":626,"column":33},"end":{"line":626,"column":35}},"399":{"start":{"line":627,"column":20},"end":{"line":644,"column":21}},"400":{"start":{"line":628,"column":47},"end":{"line":628,"column":101}},"401":{"start":{"line":629,"column":24},"end":{"line":635,"column":27}},"402":{"start":{"line":630,"column":28},"end":{"line":634,"column":31}},"403":{"start":{"line":631,"column":32},"end":{"line":633,"column":35}},"404":{"start":{"line":632,"column":36},"end":{"line":632,"column":124}},"405":{"start":{"line":638,"column":45},"end":{"line":638,"column":97}},"406":{"start":{"line":639,"column":24},"end":{"line":643,"column":27}},"407":{"start":{"line":640,"column":28},"end":{"line":642,"column":31}},"408":{"start":{"line":641,"column":32},"end":{"line":641,"column":92}},"409":{"start":{"line":645,"column":38},"end":{"line":645,"column":46}},"410":{"start":{"line":646,"column":20},"end":{"line":646,"column":34}},"411":{"start":{"line":647,"column":37},"end":{"line":647,"column":43}},"412":{"start":{"line":648,"column":20},"end":{"line":652,"column":23}},"413":{"start":{"line":649,"column":24},"end":{"line":651,"column":39}},"414":{"start":{"line":650,"column":28},"end":{"line":650,"column":56}},"415":{"start":{"line":653,"column":20},"end":{"line":653,"column":36}},"416":{"start":{"line":656,"column":20},"end":{"line":656,"column":36}},"417":{"start":{"line":660,"column":24},"end":{"line":660,"column":29}},"418":{"start":{"line":661,"column":16},"end":{"line":666,"column":17}},"419":{"start":{"line":662,"column":20},"end":{"line":665,"column":21}},"420":{"start":{"line":663,"column":24},"end":{"line":664,"column":45}},"421":{"start":{"line":664,"column":28},"end":{"line":664,"column":45}},"422":{"start":{"line":667,"column":16},"end":{"line":667,"column":25}},"423":{"start":{"line":670,"column":32},"end":{"line":670,"column":51}},"424":{"start":{"line":671,"column":30},"end":{"line":671,"column":60}},"425":{"start":{"line":672,"column":28},"end":{"line":672,"column":51}},"426":{"start":{"line":673,"column":29},"end":{"line":673,"column":38}},"427":{"start":{"line":674,"column":16},"end":{"line":674,"column":67}},"428":{"start":{"line":675,"column":16},"end":{"line":675,"column":30}},"429":{"start":{"line":678,"column":16},"end":{"line":680,"column":17}},"430":{"start":{"line":679,"column":20},"end":{"line":679,"column":32}},"431":{"start":{"line":683,"column":16},"end":{"line":685,"column":17}},"432":{"start":{"line":684,"column":20},"end":{"line":684,"column":32}},"433":{"start":{"line":688,"column":16},"end":{"line":690,"column":17}},"434":{"start":{"line":689,"column":20},"end":{"line":689,"column":32}},"435":{"start":{"line":693,"column":16},"end":{"line":695,"column":17}},"436":{"start":{"line":694,"column":20},"end":{"line":694,"column":32}},"437":{"start":{"line":698,"column":30},"end":{"line":698,"column":261}},"438":{"start":{"line":699,"column":30},"end":{"line":699,"column":106}},"439":{"start":{"line":700,"column":32},"end":{"line":700,"column":173}},"440":{"start":{"line":701,"column":32},"end":{"line":701,"column":178}},"441":{"start":{"line":702,"column":16},"end":{"line":704,"column":17}},"442":{"start":{"line":703,"column":20},"end":{"line":703,"column":33}},"443":{"start":{"line":705,"column":16},"end":{"line":718,"column":17}},"444":{"start":{"line":706,"column":20},"end":{"line":708,"column":21}},"445":{"start":{"line":707,"column":24},"end":{"line":707,"column":100}},"446":{"start":{"line":709,"column":20},"end":{"line":711,"column":21}},"447":{"start":{"line":710,"column":24},"end":{"line":710,"column":95}},"448":{"start":{"line":712,"column":20},"end":{"line":717,"column":21}},"449":{"start":{"line":713,"column":24},"end":{"line":713,"column":71}},"450":{"start":{"line":716,"column":24},"end":{"line":716,"column":95}},"451":{"start":{"line":719,"column":16},"end":{"line":732,"column":17}},"452":{"start":{"line":720,"column":20},"end":{"line":722,"column":21}},"453":{"start":{"line":721,"column":24},"end":{"line":721,"column":100}},"454":{"start":{"line":723,"column":20},"end":{"line":725,"column":21}},"455":{"start":{"line":724,"column":24},"end":{"line":724,"column":95}},"456":{"start":{"line":726,"column":20},"end":{"line":731,"column":21}},"457":{"start":{"line":727,"column":24},"end":{"line":727,"column":71}},"458":{"start":{"line":730,"column":24},"end":{"line":730,"column":95}},"459":{"start":{"line":733,"column":16},"end":{"line":735,"column":17}},"460":{"start":{"line":734,"column":20},"end":{"line":734,"column":67}},"461":{"start":{"line":738,"column":30},"end":{"line":738,"column":261}},"462":{"start":{"line":739,"column":30},"end":{"line":739,"column":106}},"463":{"start":{"line":740,"column":32},"end":{"line":740,"column":173}},"464":{"start":{"line":741,"column":32},"end":{"line":741,"column":178}},"465":{"start":{"line":742,"column":16},"end":{"line":744,"column":17}},"466":{"start":{"line":743,"column":20},"end":{"line":743,"column":64}},"467":{"start":{"line":745,"column":16},"end":{"line":747,"column":17}},"468":{"start":{"line":746,"column":20},"end":{"line":746,"column":64}},"469":{"start":{"line":750,"column":30},"end":{"line":750,"column":261}},"470":{"start":{"line":751,"column":32},"end":{"line":751,"column":178}},"471":{"start":{"line":752,"column":16},"end":{"line":767,"column":17}},"472":{"start":{"line":753,"column":20},"end":{"line":758,"column":21}},"473":{"start":{"line":754,"column":24},"end":{"line":754,"column":76}},"474":{"start":{"line":757,"column":24},"end":{"line":757,"column":104}},"475":{"start":{"line":761,"column":20},"end":{"line":766,"column":21}},"476":{"start":{"line":762,"column":24},"end":{"line":762,"column":74}},"477":{"start":{"line":765,"column":24},"end":{"line":765,"column":104}},"478":{"start":{"line":770,"column":42},"end":{"line":770,"column":44}},"479":{"start":{"line":771,"column":33},"end":{"line":771,"column":38}},"480":{"start":{"line":772,"column":39},"end":{"line":772,"column":93}},"481":{"start":{"line":773,"column":16},"end":{"line":796,"column":19}},"482":{"start":{"line":774,"column":20},"end":{"line":793,"column":23}},"483":{"start":{"line":775,"column":24},"end":{"line":790,"column":27}},"484":{"start":{"line":776,"column":28},"end":{"line":782,"column":29}},"485":{"start":{"line":777,"column":32},"end":{"line":781,"column":33}},"486":{"start":{"line":778,"column":36},"end":{"line":780,"column":37}},"487":{"start":{"line":779,"column":40},"end":{"line":779,"column":141}},"488":{"start":{"line":783,"column":28},"end":{"line":789,"column":29}},"489":{"start":{"line":784,"column":32},"end":{"line":788,"column":33}},"490":{"start":{"line":785,"column":36},"end":{"line":787,"column":37}},"491":{"start":{"line":786,"column":40},"end":{"line":786,"column":141}},"492":{"start":{"line":791,"column":24},"end":{"line":792,"column":35}},"493":{"start":{"line":792,"column":28},"end":{"line":792,"column":35}},"494":{"start":{"line":794,"column":20},"end":{"line":795,"column":31}},"495":{"start":{"line":795,"column":24},"end":{"line":795,"column":31}},"496":{"start":{"line":797,"column":16},"end":{"line":797,"column":43}},"497":{"start":{"line":800,"column":33},"end":{"line":800,"column":35}},"498":{"start":{"line":801,"column":33},"end":{"line":801,"column":38}},"499":{"start":{"line":802,"column":37},"end":{"line":802,"column":89}},"500":{"start":{"line":803,"column":16},"end":{"line":824,"column":19}},"501":{"start":{"line":804,"column":20},"end":{"line":821,"column":23}},"502":{"start":{"line":805,"column":24},"end":{"line":811,"column":25}},"503":{"start":{"line":806,"column":28},"end":{"line":810,"column":29}},"504":{"start":{"line":807,"column":32},"end":{"line":809,"column":33}},"505":{"start":{"line":808,"column":36},"end":{"line":808,"column":100}},"506":{"start":{"line":812,"column":24},"end":{"line":818,"column":25}},"507":{"start":{"line":813,"column":28},"end":{"line":817,"column":29}},"508":{"start":{"line":814,"column":32},"end":{"line":816,"column":33}},"509":{"start":{"line":815,"column":36},"end":{"line":815,"column":100}},"510":{"start":{"line":819,"column":24},"end":{"line":820,"column":35}},"511":{"start":{"line":820,"column":28},"end":{"line":820,"column":35}},"512":{"start":{"line":822,"column":20},"end":{"line":823,"column":31}},"513":{"start":{"line":823,"column":24},"end":{"line":823,"column":31}},"514":{"start":{"line":825,"column":16},"end":{"line":825,"column":34}},"515":{"start":{"line":828,"column":16},"end":{"line":828,"column":84}},"516":{"start":{"line":831,"column":30},"end":{"line":831,"column":106}},"517":{"start":{"line":832,"column":32},"end":{"line":832,"column":173}},"518":{"start":{"line":833,"column":16},"end":{"line":848,"column":17}},"519":{"start":{"line":834,"column":20},"end":{"line":839,"column":21}},"520":{"start":{"line":835,"column":24},"end":{"line":835,"column":76}},"521":{"start":{"line":838,"column":24},"end":{"line":838,"column":104}},"522":{"start":{"line":842,"column":20},"end":{"line":847,"column":21}},"523":{"start":{"line":843,"column":24},"end":{"line":843,"column":74}},"524":{"start":{"line":846,"column":24},"end":{"line":846,"column":104}},"525":{"start":{"line":851,"column":42},"end":{"line":851,"column":44}},"526":{"start":{"line":852,"column":33},"end":{"line":852,"column":38}},"527":{"start":{"line":853,"column":39},"end":{"line":853,"column":93}},"528":{"start":{"line":854,"column":16},"end":{"line":898,"column":19}},"529":{"start":{"line":855,"column":20},"end":{"line":895,"column":23}},"530":{"start":{"line":856,"column":24},"end":{"line":892,"column":27}},"531":{"start":{"line":857,"column":43},"end":{"line":857,"column":126}},"532":{"start":{"line":858,"column":28},"end":{"line":874,"column":29}},"533":{"start":{"line":859,"column":32},"end":{"line":863,"column":33}},"534":{"start":{"line":860,"column":36},"end":{"line":862,"column":37}},"535":{"start":{"line":861,"column":40},"end":{"line":861,"column":141}},"536":{"start":{"line":864,"column":32},"end":{"line":868,"column":33}},"537":{"start":{"line":865,"column":36},"end":{"line":867,"column":37}},"538":{"start":{"line":866,"column":40},"end":{"line":866,"column":141}},"539":{"start":{"line":869,"column":32},"end":{"line":873,"column":33}},"540":{"start":{"line":870,"column":36},"end":{"line":872,"column":37}},"541":{"start":{"line":871,"column":40},"end":{"line":871,"column":141}},"542":{"start":{"line":875,"column":28},"end":{"line":891,"column":29}},"543":{"start":{"line":876,"column":32},"end":{"line":880,"column":33}},"544":{"start":{"line":877,"column":36},"end":{"line":879,"column":37}},"545":{"start":{"line":878,"column":40},"end":{"line":878,"column":141}},"546":{"start":{"line":881,"column":32},"end":{"line":885,"column":33}},"547":{"start":{"line":882,"column":36},"end":{"line":884,"column":37}},"548":{"start":{"line":883,"column":40},"end":{"line":883,"column":141}},"549":{"start":{"line":886,"column":32},"end":{"line":890,"column":33}},"550":{"start":{"line":887,"column":36},"end":{"line":889,"column":37}},"551":{"start":{"line":888,"column":40},"end":{"line":888,"column":141}},"552":{"start":{"line":893,"column":24},"end":{"line":894,"column":35}},"553":{"start":{"line":894,"column":28},"end":{"line":894,"column":35}},"554":{"start":{"line":896,"column":20},"end":{"line":897,"column":31}},"555":{"start":{"line":897,"column":24},"end":{"line":897,"column":31}},"556":{"start":{"line":899,"column":16},"end":{"line":899,"column":43}},"557":{"start":{"line":902,"column":33},"end":{"line":902,"column":35}},"558":{"start":{"line":903,"column":33},"end":{"line":903,"column":38}},"559":{"start":{"line":904,"column":37},"end":{"line":904,"column":89}},"560":{"start":{"line":905,"column":16},"end":{"line":947,"column":19}},"561":{"start":{"line":906,"column":20},"end":{"line":944,"column":23}},"562":{"start":{"line":907,"column":39},"end":{"line":907,"column":94}},"563":{"start":{"line":908,"column":24},"end":{"line":924,"column":25}},"564":{"start":{"line":909,"column":28},"end":{"line":913,"column":29}},"565":{"start":{"line":910,"column":32},"end":{"line":912,"column":33}},"566":{"start":{"line":911,"column":36},"end":{"line":911,"column":100}},"567":{"start":{"line":914,"column":28},"end":{"line":918,"column":29}},"568":{"start":{"line":915,"column":32},"end":{"line":917,"column":33}},"569":{"start":{"line":916,"column":36},"end":{"line":916,"column":100}},"570":{"start":{"line":919,"column":28},"end":{"line":923,"column":29}},"571":{"start":{"line":920,"column":32},"end":{"line":922,"column":33}},"572":{"start":{"line":921,"column":36},"end":{"line":921,"column":100}},"573":{"start":{"line":925,"column":24},"end":{"line":941,"column":25}},"574":{"start":{"line":926,"column":28},"end":{"line":930,"column":29}},"575":{"start":{"line":927,"column":32},"end":{"line":929,"column":33}},"576":{"start":{"line":928,"column":36},"end":{"line":928,"column":100}},"577":{"start":{"line":931,"column":28},"end":{"line":935,"column":29}},"578":{"start":{"line":932,"column":32},"end":{"line":934,"column":33}},"579":{"start":{"line":933,"column":36},"end":{"line":933,"column":100}},"580":{"start":{"line":936,"column":28},"end":{"line":940,"column":29}},"581":{"start":{"line":937,"column":32},"end":{"line":939,"column":33}},"582":{"start":{"line":938,"column":36},"end":{"line":938,"column":100}},"583":{"start":{"line":942,"column":24},"end":{"line":943,"column":35}},"584":{"start":{"line":943,"column":28},"end":{"line":943,"column":35}},"585":{"start":{"line":945,"column":20},"end":{"line":946,"column":31}},"586":{"start":{"line":946,"column":24},"end":{"line":946,"column":31}},"587":{"start":{"line":948,"column":16},"end":{"line":948,"column":34}},"588":{"start":{"line":951,"column":37},"end":{"line":951,"column":39}},"589":{"start":{"line":952,"column":16},"end":{"line":962,"column":19}},"590":{"start":{"line":953,"column":39},"end":{"line":953,"column":81}},"591":{"start":{"line":954,"column":20},"end":{"line":961,"column":21}},"592":{"start":{"line":955,"column":24},"end":{"line":955,"column":60}},"593":{"start":{"line":958,"column":24},"end":{"line":960,"column":25}},"594":{"start":{"line":959,"column":28},"end":{"line":959,"column":65}},"595":{"start":{"line":963,"column":16},"end":{"line":963,"column":41}},"596":{"start":{"line":966,"column":16},"end":{"line":969,"column":17}},"597":{"start":{"line":968,"column":20},"end":{"line":968,"column":84}},"598":{"start":{"line":970,"column":29},"end":{"line":970,"column":38}},"599":{"start":{"line":971,"column":16},"end":{"line":985,"column":17}},"600":{"start":{"line":972,"column":20},"end":{"line":972,"column":60}},"601":{"start":{"line":973,"column":20},"end":{"line":984,"column":21}},"602":{"start":{"line":974,"column":36},"end":{"line":974,"column":61}},"603":{"start":{"line":975,"column":24},"end":{"line":977,"column":25}},"604":{"start":{"line":976,"column":28},"end":{"line":976,"column":87}},"605":{"start":{"line":978,"column":24},"end":{"line":983,"column":25}},"606":{"start":{"line":979,"column":28},"end":{"line":979,"column":95}},"607":{"start":{"line":982,"column":28},"end":{"line":982,"column":51}},"608":{"start":{"line":986,"column":16},"end":{"line":1000,"column":17}},"609":{"start":{"line":987,"column":20},"end":{"line":989,"column":21}},"610":{"start":{"line":988,"column":24},"end":{"line":988,"column":85}},"611":{"start":{"line":990,"column":34},"end":{"line":990,"column":61}},"612":{"start":{"line":991,"column":34},"end":{"line":991,"column":265}},"613":{"start":{"line":992,"column":34},"end":{"line":992,"column":110}},"614":{"start":{"line":993,"column":36},"end":{"line":993,"column":177}},"615":{"start":{"line":994,"column":36},"end":{"line":994,"column":182}},"616":{"start":{"line":995,"column":20},"end":{"line":999,"column":21}},"617":{"start":{"line":998,"column":24},"end":{"line":998,"column":84}},"618":{"start":{"line":1001,"column":16},"end":{"line":1003,"column":17}},"619":{"start":{"line":1002,"column":20},"end":{"line":1002,"column":81}},"620":{"start":{"line":1004,"column":16},"end":{"line":1006,"column":17}},"621":{"start":{"line":1005,"column":20},"end":{"line":1005,"column":88}},"622":{"start":{"line":1007,"column":16},"end":{"line":1007,"column":45}},"623":{"start":{"line":1011,"column":4},"end":{"line":1011,"column":25}},"624":{"start":{"line":1013,"column":0},"end":{"line":1013,"column":62}},"625":{"start":{"line":1014,"column":0},"end":{"line":1014,"column":32}}},"fnMap":{"0":{"name":"(anonymous_0)","decl":{"start":{"line":6,"column":21},"end":{"line":6,"column":22}},"loc":{"start":{"line":6,"column":33},"end":{"line":1012,"column":1}}},"1":{"name":"InsightFacade","decl":{"start":{"line":7,"column":13},"end":{"line":7,"column":26}},"loc":{"start":{"line":7,"column":29},"end":{"line":10,"column":5}}},"2":{"name":"(anonymous_2)","decl":{"start":{"line":11,"column":41},"end":{"line":11,"column":42}},"loc":{"start":{"line":11,"column":64},"end":{"line":45,"column":5}}},"3":{"name":"(anonymous_3)","decl":{"start":{"line":13,"column":27},"end":{"line":13,"column":28}},"loc":{"start":{"line":13,"column":54},"end":{"line":44,"column":9}}},"4":{"name":"(anonymous_4)","decl":{"start":{"line":21,"column":51},"end":{"line":21,"column":52}},"loc":{"start":{"line":21,"column":71},"end":{"line":30,"column":17}}},"5":{"name":"(anonymous_5)","decl":{"start":{"line":22,"column":80},"end":{"line":22,"column":81}},"loc":{"start":{"line":22,"column":100},"end":{"line":24,"column":21}}},"6":{"name":"(anonymous_6)","decl":{"start":{"line":24,"column":29},"end":{"line":24,"column":30}},"loc":{"start":{"line":24,"column":44},"end":{"line":29,"column":21}}},"7":{"name":"(anonymous_7)","decl":{"start":{"line":30,"column":25},"end":{"line":30,"column":26}},"loc":{"start":{"line":30,"column":40},"end":{"line":35,"column":17}}},"8":{"name":"(anonymous_8)","decl":{"start":{"line":37,"column":72},"end":{"line":37,"column":73}},"loc":{"start":{"line":37,"column":92},"end":{"line":40,"column":13}}},"9":{"name":"(anonymous_9)","decl":{"start":{"line":40,"column":21},"end":{"line":40,"column":22}},"loc":{"start":{"line":40,"column":41},"end":{"line":43,"column":13}}},"10":{"name":"(anonymous_10)","decl":{"start":{"line":46,"column":44},"end":{"line":46,"column":45}},"loc":{"start":{"line":46,"column":58},"end":{"line":77,"column":5}}},"11":{"name":"(anonymous_11)","decl":{"start":{"line":48,"column":27},"end":{"line":48,"column":28}},"loc":{"start":{"line":48,"column":54},"end":{"line":76,"column":9}}},"12":{"name":"(anonymous_12)","decl":{"start":{"line":78,"column":43},"end":{"line":78,"column":44}},"loc":{"start":{"line":78,"column":60},"end":{"line":1010,"column":5}}},"13":{"name":"(anonymous_13)","decl":{"start":{"line":83,"column":27},"end":{"line":83,"column":28}},"loc":{"start":{"line":83,"column":54},"end":{"line":1009,"column":9}}},"14":{"name":"(anonymous_14)","decl":{"start":{"line":98,"column":72},"end":{"line":98,"column":73}},"loc":{"start":{"line":98,"column":84},"end":{"line":260,"column":13}}},"15":{"name":"(anonymous_15)","decl":{"start":{"line":116,"column":88},"end":{"line":116,"column":89}},"loc":{"start":{"line":116,"column":103},"end":{"line":116,"column":143}}},"16":{"name":"(anonymous_16)","decl":{"start":{"line":182,"column":74},"end":{"line":182,"column":75}},"loc":{"start":{"line":182,"column":91},"end":{"line":198,"column":29}}},"17":{"name":"(anonymous_17)","decl":{"start":{"line":215,"column":50},"end":{"line":215,"column":51}},"loc":{"start":{"line":215,"column":62},"end":{"line":248,"column":37}}},"18":{"name":"(anonymous_18)","decl":{"start":{"line":217,"column":86},"end":{"line":217,"column":87}},"loc":{"start":{"line":217,"column":109},"end":{"line":246,"column":41}}},"19":{"name":"(anonymous_19)","decl":{"start":{"line":260,"column":21},"end":{"line":260,"column":22}},"loc":{"start":{"line":260,"column":33},"end":{"line":262,"column":13}}},"20":{"name":"performCheck","decl":{"start":{"line":263,"column":21},"end":{"line":263,"column":33}},"loc":{"start":{"line":263,"column":39},"end":{"line":455,"column":13}}},"21":{"name":"(anonymous_21)","decl":{"start":{"line":266,"column":41},"end":{"line":266,"column":42}},"loc":{"start":{"line":266,"column":54},"end":{"line":430,"column":17}}},"22":{"name":"(anonymous_22)","decl":{"start":{"line":434,"column":62},"end":{"line":434,"column":63}},"loc":{"start":{"line":434,"column":82},"end":{"line":440,"column":25}}},"23":{"name":"(anonymous_23)","decl":{"start":{"line":435,"column":84},"end":{"line":435,"column":85}},"loc":{"start":{"line":435,"column":106},"end":{"line":439,"column":29}}},"24":{"name":"(anonymous_24)","decl":{"start":{"line":436,"column":115},"end":{"line":436,"column":116}},"loc":{"start":{"line":436,"column":138},"end":{"line":438,"column":33}}},"25":{"name":"(anonymous_25)","decl":{"start":{"line":444,"column":60},"end":{"line":444,"column":61}},"loc":{"start":{"line":444,"column":85},"end":{"line":448,"column":25}}},"26":{"name":"(anonymous_26)","decl":{"start":{"line":445,"column":85},"end":{"line":445,"column":86}},"loc":{"start":{"line":445,"column":106},"end":{"line":447,"column":29}}},"27":{"name":"performArray","decl":{"start":{"line":456,"column":21},"end":{"line":456,"column":33}},"loc":{"start":{"line":456,"column":44},"end":{"line":483,"column":13}}},"28":{"name":"performAggregation","decl":{"start":{"line":484,"column":21},"end":{"line":484,"column":39}},"loc":{"start":{"line":484,"column":68},"end":{"line":593,"column":13}}},"29":{"name":"(anonymous_29)","decl":{"start":{"line":544,"column":53},"end":{"line":544,"column":54}},"loc":{"start":{"line":544,"column":66},"end":{"line":553,"column":25}}},"30":{"name":"(anonymous_30)","decl":{"start":{"line":583,"column":42},"end":{"line":583,"column":43}},"loc":{"start":{"line":583,"column":55},"end":{"line":585,"column":25}}},"31":{"name":"add","decl":{"start":{"line":594,"column":21},"end":{"line":594,"column":24}},"loc":{"start":{"line":594,"column":31},"end":{"line":596,"column":13}}},"32":{"name":"checkDoubleNegative","decl":{"start":{"line":597,"column":21},"end":{"line":597,"column":40}},"loc":{"start":{"line":597,"column":48},"end":{"line":611,"column":13}}},"33":{"name":"checkAndNegative","decl":{"start":{"line":612,"column":21},"end":{"line":612,"column":37}},"loc":{"start":{"line":612,"column":45},"end":{"line":623,"column":13}}},"34":{"name":"negativeAND","decl":{"start":{"line":624,"column":21},"end":{"line":624,"column":32}},"loc":{"start":{"line":624,"column":43},"end":{"line":658,"column":13}}},"35":{"name":"(anonymous_35)","decl":{"start":{"line":629,"column":62},"end":{"line":629,"column":63}},"loc":{"start":{"line":629,"column":82},"end":{"line":635,"column":25}}},"36":{"name":"(anonymous_36)","decl":{"start":{"line":630,"column":84},"end":{"line":630,"column":85}},"loc":{"start":{"line":630,"column":106},"end":{"line":634,"column":29}}},"37":{"name":"(anonymous_37)","decl":{"start":{"line":631,"column":115},"end":{"line":631,"column":116}},"loc":{"start":{"line":631,"column":138},"end":{"line":633,"column":33}}},"38":{"name":"(anonymous_38)","decl":{"start":{"line":639,"column":60},"end":{"line":639,"column":61}},"loc":{"start":{"line":639,"column":85},"end":{"line":643,"column":25}}},"39":{"name":"(anonymous_39)","decl":{"start":{"line":640,"column":85},"end":{"line":640,"column":86}},"loc":{"start":{"line":640,"column":106},"end":{"line":642,"column":29}}},"40":{"name":"(anonymous_40)","decl":{"start":{"line":648,"column":49},"end":{"line":648,"column":50}},"loc":{"start":{"line":648,"column":68},"end":{"line":652,"column":21}}},"41":{"name":"(anonymous_41)","decl":{"start":{"line":649,"column":50},"end":{"line":649,"column":51}},"loc":{"start":{"line":649,"column":71},"end":{"line":651,"column":25}}},"42":{"name":"aUN","decl":{"start":{"line":659,"column":21},"end":{"line":659,"column":24}},"loc":{"start":{"line":659,"column":32},"end":{"line":668,"column":13}}},"43":{"name":"performSimple","decl":{"start":{"line":669,"column":21},"end":{"line":669,"column":34}},"loc":{"start":{"line":669,"column":40},"end":{"line":676,"column":13}}},"44":{"name":"checkLOGICCOMPARISON","decl":{"start":{"line":677,"column":21},"end":{"line":677,"column":41}},"loc":{"start":{"line":677,"column":47},"end":{"line":681,"column":13}}},"45":{"name":"checkMCOMPARISON","decl":{"start":{"line":682,"column":21},"end":{"line":682,"column":37}},"loc":{"start":{"line":682,"column":43},"end":{"line":686,"column":13}}},"46":{"name":"checkSCOMPARISON","decl":{"start":{"line":687,"column":21},"end":{"line":687,"column":37}},"loc":{"start":{"line":687,"column":43},"end":{"line":691,"column":13}}},"47":{"name":"checkNEGATION","decl":{"start":{"line":692,"column":21},"end":{"line":692,"column":34}},"loc":{"start":{"line":692,"column":40},"end":{"line":696,"column":13}}},"48":{"name":"checkCourseObj","decl":{"start":{"line":697,"column":21},"end":{"line":697,"column":35}},"loc":{"start":{"line":697,"column":64},"end":{"line":736,"column":13}}},"49":{"name":"grabElement","decl":{"start":{"line":737,"column":21},"end":{"line":737,"column":32}},"loc":{"start":{"line":737,"column":60},"end":{"line":748,"column":13}}},"50":{"name":"performSC","decl":{"start":{"line":749,"column":21},"end":{"line":749,"column":30}},"loc":{"start":{"line":749,"column":58},"end":{"line":768,"column":13}}},"51":{"name":"performSC_Courses","decl":{"start":{"line":769,"column":21},"end":{"line":769,"column":38}},"loc":{"start":{"line":769,"column":66},"end":{"line":798,"column":13}}},"52":{"name":"(anonymous_52)","decl":{"start":{"line":773,"column":54},"end":{"line":773,"column":55}},"loc":{"start":{"line":773,"column":74},"end":{"line":796,"column":17}}},"53":{"name":"(anonymous_53)","decl":{"start":{"line":774,"column":76},"end":{"line":774,"column":77}},"loc":{"start":{"line":774,"column":98},"end":{"line":793,"column":21}}},"54":{"name":"(anonymous_54)","decl":{"start":{"line":775,"column":107},"end":{"line":775,"column":108}},"loc":{"start":{"line":775,"column":130},"end":{"line":790,"column":25}}},"55":{"name":"performSC_Rooms","decl":{"start":{"line":799,"column":21},"end":{"line":799,"column":36}},"loc":{"start":{"line":799,"column":64},"end":{"line":826,"column":13}}},"56":{"name":"(anonymous_56)","decl":{"start":{"line":803,"column":52},"end":{"line":803,"column":53}},"loc":{"start":{"line":803,"column":77},"end":{"line":824,"column":17}}},"57":{"name":"(anonymous_57)","decl":{"start":{"line":804,"column":77},"end":{"line":804,"column":78}},"loc":{"start":{"line":804,"column":98},"end":{"line":821,"column":21}}},"58":{"name":"matchRuleShort","decl":{"start":{"line":827,"column":21},"end":{"line":827,"column":35}},"loc":{"start":{"line":827,"column":47},"end":{"line":829,"column":13}}},"59":{"name":"performMC","decl":{"start":{"line":830,"column":21},"end":{"line":830,"column":30}},"loc":{"start":{"line":830,"column":58},"end":{"line":849,"column":13}}},"60":{"name":"performMC_Courses","decl":{"start":{"line":850,"column":21},"end":{"line":850,"column":38}},"loc":{"start":{"line":850,"column":66},"end":{"line":900,"column":13}}},"61":{"name":"(anonymous_61)","decl":{"start":{"line":854,"column":54},"end":{"line":854,"column":55}},"loc":{"start":{"line":854,"column":74},"end":{"line":898,"column":17}}},"62":{"name":"(anonymous_62)","decl":{"start":{"line":855,"column":76},"end":{"line":855,"column":77}},"loc":{"start":{"line":855,"column":98},"end":{"line":895,"column":21}}},"63":{"name":"(anonymous_63)","decl":{"start":{"line":856,"column":107},"end":{"line":856,"column":108}},"loc":{"start":{"line":856,"column":130},"end":{"line":892,"column":25}}},"64":{"name":"performMC_Rooms","decl":{"start":{"line":901,"column":21},"end":{"line":901,"column":36}},"loc":{"start":{"line":901,"column":64},"end":{"line":949,"column":13}}},"65":{"name":"(anonymous_65)","decl":{"start":{"line":905,"column":52},"end":{"line":905,"column":53}},"loc":{"start":{"line":905,"column":77},"end":{"line":947,"column":17}}},"66":{"name":"(anonymous_66)","decl":{"start":{"line":906,"column":77},"end":{"line":906,"column":78}},"loc":{"start":{"line":906,"column":98},"end":{"line":944,"column":21}}},"67":{"name":"getNeededDatasets","decl":{"start":{"line":950,"column":21},"end":{"line":950,"column":38}},"loc":{"start":{"line":950,"column":41},"end":{"line":964,"column":13}}},"68":{"name":"(anonymous_68)","decl":{"start":{"line":952,"column":62},"end":{"line":952,"column":63}},"loc":{"start":{"line":952,"column":79},"end":{"line":962,"column":17}}},"69":{"name":"validateQuery","decl":{"start":{"line":965,"column":21},"end":{"line":965,"column":34}},"loc":{"start":{"line":965,"column":37},"end":{"line":1008,"column":13}}}},"branchMap":{"0":{"loc":{"start":{"line":14,"column":12},"end":{"line":16,"column":13}},"type":"if","locations":[{"start":{"line":14,"column":12},"end":{"line":16,"column":13}},{"start":{"line":14,"column":12},"end":{"line":16,"column":13}}]},"1":{"loc":{"start":{"line":17,"column":12},"end":{"line":19,"column":13}},"type":"if","locations":[{"start":{"line":17,"column":12},"end":{"line":19,"column":13}},{"start":{"line":17,"column":12},"end":{"line":19,"column":13}}]},"2":{"loc":{"start":{"line":20,"column":12},"end":{"line":36,"column":13}},"type":"if","locations":[{"start":{"line":20,"column":12},"end":{"line":36,"column":13}},{"start":{"line":20,"column":12},"end":{"line":36,"column":13}}]},"3":{"loc":{"start":{"line":49,"column":12},"end":{"line":54,"column":13}},"type":"if","locations":[{"start":{"line":49,"column":12},"end":{"line":54,"column":13}},{"start":{"line":49,"column":12},"end":{"line":54,"column":13}}]},"4":{"loc":{"start":{"line":58,"column":16},"end":{"line":63,"column":17}},"type":"if","locations":[{"start":{"line":58,"column":16},"end":{"line":63,"column":17}},{"start":{"line":58,"column":16},"end":{"line":63,"column":17}}]},"5":{"loc":{"start":{"line":65,"column":16},"end":{"line":67,"column":17}},"type":"if","locations":[{"start":{"line":65,"column":16},"end":{"line":67,"column":17}},{"start":{"line":65,"column":16},"end":{"line":67,"column":17}}]},"6":{"loc":{"start":{"line":80,"column":8},"end":{"line":82,"column":9}},"type":"if","locations":[{"start":{"line":80,"column":8},"end":{"line":82,"column":9}},{"start":{"line":80,"column":8},"end":{"line":82,"column":9}}]},"7":{"loc":{"start":{"line":86,"column":12},"end":{"line":88,"column":13}},"type":"if","locations":[{"start":{"line":86,"column":12},"end":{"line":88,"column":13}},{"start":{"line":86,"column":12},"end":{"line":88,"column":13}}]},"8":{"loc":{"start":{"line":100,"column":20},"end":{"line":105,"column":21}},"type":"if","locations":[{"start":{"line":100,"column":20},"end":{"line":105,"column":21}},{"start":{"line":100,"column":20},"end":{"line":105,"column":21}}]},"9":{"loc":{"start":{"line":102,"column":24},"end":{"line":104,"column":25}},"type":"if","locations":[{"start":{"line":102,"column":24},"end":{"line":104,"column":25}},{"start":{"line":102,"column":24},"end":{"line":104,"column":25}}]},"10":{"loc":{"start":{"line":106,"column":20},"end":{"line":257,"column":21}},"type":"if","locations":[{"start":{"line":106,"column":20},"end":{"line":257,"column":21}},{"start":{"line":106,"column":20},"end":{"line":257,"column":21}}]},"11":{"loc":{"start":{"line":108,"column":28},"end":{"line":164,"column":29}},"type":"if","locations":[{"start":{"line":108,"column":28},"end":{"line":164,"column":29}},{"start":{"line":108,"column":28},"end":{"line":164,"column":29}}]},"12":{"loc":{"start":{"line":112,"column":32},"end":{"line":130,"column":33}},"type":"if","locations":[{"start":{"line":112,"column":32},"end":{"line":130,"column":33}},{"start":{"line":112,"column":32},"end":{"line":130,"column":33}}]},"13":{"loc":{"start":{"line":112,"column":36},"end":{"line":112,"column":136}},"type":"binary-expr","locations":[{"start":{"line":112,"column":36},"end":{"line":112,"column":84}},{"start":{"line":112,"column":88},"end":{"line":112,"column":136}}]},"14":{"loc":{"start":{"line":114,"column":36},"end":{"line":126,"column":37}},"type":"if","locations":[{"start":{"line":114,"column":36},"end":{"line":126,"column":37}},{"start":{"line":114,"column":36},"end":{"line":126,"column":37}}]},"15":{"loc":{"start":{"line":117,"column":40},"end":{"line":122,"column":41}},"type":"if","locations":[{"start":{"line":117,"column":40},"end":{"line":122,"column":41}},{"start":{"line":117,"column":40},"end":{"line":122,"column":41}}]},"16":{"loc":{"start":{"line":131,"column":32},"end":{"line":163,"column":33}},"type":"if","locations":[{"start":{"line":131,"column":32},"end":{"line":163,"column":33}},{"start":{"line":131,"column":32},"end":{"line":163,"column":33}}]},"17":{"loc":{"start":{"line":136,"column":40},"end":{"line":139,"column":41}},"type":"if","locations":[{"start":{"line":136,"column":40},"end":{"line":139,"column":41}},{"start":{"line":136,"column":40},"end":{"line":139,"column":41}}]},"18":{"loc":{"start":{"line":140,"column":40},"end":{"line":143,"column":41}},"type":"if","locations":[{"start":{"line":140,"column":40},"end":{"line":143,"column":41}},{"start":{"line":140,"column":40},"end":{"line":143,"column":41}}]},"19":{"loc":{"start":{"line":144,"column":40},"end":{"line":147,"column":41}},"type":"if","locations":[{"start":{"line":144,"column":40},"end":{"line":147,"column":41}},{"start":{"line":144,"column":40},"end":{"line":147,"column":41}}]},"20":{"loc":{"start":{"line":148,"column":40},"end":{"line":151,"column":41}},"type":"if","locations":[{"start":{"line":148,"column":40},"end":{"line":151,"column":41}},{"start":{"line":148,"column":40},"end":{"line":151,"column":41}}]},"21":{"loc":{"start":{"line":152,"column":40},"end":{"line":155,"column":41}},"type":"if","locations":[{"start":{"line":152,"column":40},"end":{"line":155,"column":41}},{"start":{"line":152,"column":40},"end":{"line":155,"column":41}}]},"22":{"loc":{"start":{"line":166,"column":24},"end":{"line":207,"column":25}},"type":"if","locations":[{"start":{"line":166,"column":24},"end":{"line":207,"column":25}},{"start":{"line":166,"column":24},"end":{"line":207,"column":25}}]},"23":{"loc":{"start":{"line":170,"column":28},"end":{"line":180,"column":29}},"type":"if","locations":[{"start":{"line":170,"column":28},"end":{"line":180,"column":29}},{"start":{"line":170,"column":28},"end":{"line":180,"column":29}}]},"24":{"loc":{"start":{"line":171,"column":32},"end":{"line":173,"column":33}},"type":"if","locations":[{"start":{"line":171,"column":32},"end":{"line":173,"column":33}},{"start":{"line":171,"column":32},"end":{"line":173,"column":33}}]},"25":{"loc":{"start":{"line":174,"column":32},"end":{"line":176,"column":33}},"type":"if","locations":[{"start":{"line":174,"column":32},"end":{"line":176,"column":33}},{"start":{"line":174,"column":32},"end":{"line":176,"column":33}}]},"26":{"loc":{"start":{"line":184,"column":32},"end":{"line":191,"column":33}},"type":"if","locations":[{"start":{"line":184,"column":32},"end":{"line":191,"column":33}},{"start":{"line":184,"column":32},"end":{"line":191,"column":33}}]},"27":{"loc":{"start":{"line":186,"column":40},"end":{"line":189,"column":41}},"type":"if","locations":[{"start":{"line":186,"column":40},"end":{"line":189,"column":41}},{"start":{"line":186,"column":40},"end":{"line":189,"column":41}}]},"28":{"loc":{"start":{"line":192,"column":32},"end":{"line":197,"column":33}},"type":"if","locations":[{"start":{"line":192,"column":32},"end":{"line":197,"column":33}},{"start":{"line":192,"column":32},"end":{"line":197,"column":33}}]},"29":{"loc":{"start":{"line":193,"column":36},"end":{"line":196,"column":37}},"type":"if","locations":[{"start":{"line":193,"column":36},"end":{"line":196,"column":37}},{"start":{"line":193,"column":36},"end":{"line":196,"column":37}}]},"30":{"loc":{"start":{"line":199,"column":28},"end":{"line":204,"column":29}},"type":"if","locations":[{"start":{"line":199,"column":28},"end":{"line":204,"column":29}},{"start":{"line":199,"column":28},"end":{"line":204,"column":29}}]},"31":{"loc":{"start":{"line":208,"column":24},"end":{"line":254,"column":25}},"type":"if","locations":[{"start":{"line":208,"column":24},"end":{"line":254,"column":25}},{"start":{"line":208,"column":24},"end":{"line":254,"column":25}}]},"32":{"loc":{"start":{"line":208,"column":28},"end":{"line":208,"column":105}},"type":"binary-expr","locations":[{"start":{"line":208,"column":28},"end":{"line":208,"column":63}},{"start":{"line":208,"column":67},"end":{"line":208,"column":105}}]},"33":{"loc":{"start":{"line":210,"column":32},"end":{"line":252,"column":33}},"type":"if","locations":[{"start":{"line":210,"column":32},"end":{"line":252,"column":33}},{"start":{"line":210,"column":32},"end":{"line":252,"column":33}}]},"34":{"loc":{"start":{"line":212,"column":36},"end":{"line":214,"column":37}},"type":"if","locations":[{"start":{"line":212,"column":36},"end":{"line":214,"column":37}},{"start":{"line":212,"column":36},"end":{"line":214,"column":37}}]},"35":{"loc":{"start":{"line":212,"column":40},"end":{"line":212,"column":106}},"type":"binary-expr","locations":[{"start":{"line":212,"column":40},"end":{"line":212,"column":67}},{"start":{"line":212,"column":71},"end":{"line":212,"column":106}}]},"36":{"loc":{"start":{"line":218,"column":44},"end":{"line":220,"column":45}},"type":"if","locations":[{"start":{"line":218,"column":44},"end":{"line":220,"column":45}},{"start":{"line":218,"column":44},"end":{"line":220,"column":45}}]},"37":{"loc":{"start":{"line":224,"column":44},"end":{"line":232,"column":45}},"type":"if","locations":[{"start":{"line":224,"column":44},"end":{"line":232,"column":45}},{"start":{"line":224,"column":44},"end":{"line":232,"column":45}}]},"38":{"loc":{"start":{"line":225,"column":48},"end":{"line":231,"column":49}},"type":"if","locations":[{"start":{"line":225,"column":48},"end":{"line":231,"column":49}},{"start":{"line":225,"column":48},"end":{"line":231,"column":49}}]},"39":{"loc":{"start":{"line":233,"column":44},"end":{"line":241,"column":45}},"type":"if","locations":[{"start":{"line":233,"column":44},"end":{"line":241,"column":45}},{"start":{"line":233,"column":44},"end":{"line":241,"column":45}}]},"40":{"loc":{"start":{"line":233,"column":48},"end":{"line":233,"column":105}},"type":"binary-expr","locations":[{"start":{"line":233,"column":48},"end":{"line":233,"column":74}},{"start":{"line":233,"column":78},"end":{"line":233,"column":105}}]},"41":{"loc":{"start":{"line":234,"column":48},"end":{"line":240,"column":49}},"type":"if","locations":[{"start":{"line":234,"column":48},"end":{"line":240,"column":49}},{"start":{"line":234,"column":48},"end":{"line":240,"column":49}}]},"42":{"loc":{"start":{"line":242,"column":44},"end":{"line":244,"column":45}},"type":"if","locations":[{"start":{"line":242,"column":44},"end":{"line":244,"column":45}},{"start":{"line":242,"column":44},"end":{"line":244,"column":45}}]},"43":{"loc":{"start":{"line":242,"column":48},"end":{"line":242,"column":136}},"type":"binary-expr","locations":[{"start":{"line":242,"column":48},"end":{"line":242,"column":75}},{"start":{"line":242,"column":79},"end":{"line":242,"column":105}},{"start":{"line":242,"column":109},"end":{"line":242,"column":136}}]},"44":{"loc":{"start":{"line":267,"column":20},"end":{"line":429,"column":21}},"type":"if","locations":[{"start":{"line":267,"column":20},"end":{"line":429,"column":21}},{"start":{"line":267,"column":20},"end":{"line":429,"column":21}}]},"45":{"loc":{"start":{"line":267,"column":24},"end":{"line":267,"column":68}},"type":"binary-expr","locations":[{"start":{"line":267,"column":24},"end":{"line":267,"column":49}},{"start":{"line":267,"column":53},"end":{"line":267,"column":68}}]},"46":{"loc":{"start":{"line":269,"column":24},"end":{"line":428,"column":25}},"type":"if","locations":[{"start":{"line":269,"column":24},"end":{"line":428,"column":25}},{"start":{"line":269,"column":24},"end":{"line":428,"column":25}}]},"47":{"loc":{"start":{"line":269,"column":28},"end":{"line":269,"column":117}},"type":"binary-expr","locations":[{"start":{"line":269,"column":28},"end":{"line":269,"column":37}},{"start":{"line":269,"column":41},"end":{"line":269,"column":50}},{"start":{"line":269,"column":54},"end":{"line":269,"column":63}},{"start":{"line":269,"column":67},"end":{"line":269,"column":76}},{"start":{"line":269,"column":80},"end":{"line":269,"column":90}},{"start":{"line":269,"column":94},"end":{"line":269,"column":103}},{"start":{"line":269,"column":107},"end":{"line":269,"column":117}}]},"48":{"loc":{"start":{"line":270,"column":28},"end":{"line":396,"column":29}},"type":"if","locations":[{"start":{"line":270,"column":28},"end":{"line":396,"column":29}},{"start":{"line":270,"column":28},"end":{"line":396,"column":29}}]},"49":{"loc":{"start":{"line":272,"column":32},"end":{"line":274,"column":33}},"type":"if","locations":[{"start":{"line":272,"column":32},"end":{"line":274,"column":33}},{"start":{"line":272,"column":32},"end":{"line":274,"column":33}}]},"50":{"loc":{"start":{"line":272,"column":36},"end":{"line":272,"column":84}},"type":"binary-expr","locations":[{"start":{"line":272,"column":36},"end":{"line":272,"column":62}},{"start":{"line":272,"column":66},"end":{"line":272,"column":84}}]},"51":{"loc":{"start":{"line":275,"column":32},"end":{"line":281,"column":33}},"type":"if","locations":[{"start":{"line":275,"column":32},"end":{"line":281,"column":33}},{"start":{"line":275,"column":32},"end":{"line":281,"column":33}}]},"52":{"loc":{"start":{"line":275,"column":36},"end":{"line":275,"column":84}},"type":"binary-expr","locations":[{"start":{"line":275,"column":36},"end":{"line":275,"column":49}},{"start":{"line":275,"column":53},"end":{"line":275,"column":84}}]},"53":{"loc":{"start":{"line":282,"column":32},"end":{"line":286,"column":33}},"type":"if","locations":[{"start":{"line":282,"column":32},"end":{"line":286,"column":33}},{"start":{"line":282,"column":32},"end":{"line":286,"column":33}}]},"54":{"loc":{"start":{"line":283,"column":36},"end":{"line":285,"column":37}},"type":"if","locations":[{"start":{"line":283,"column":36},"end":{"line":285,"column":37}},{"start":{"line":283,"column":36},"end":{"line":285,"column":37}}]},"55":{"loc":{"start":{"line":290,"column":32},"end":{"line":394,"column":33}},"type":"if","locations":[{"start":{"line":290,"column":32},"end":{"line":394,"column":33}},{"start":{"line":290,"column":32},"end":{"line":394,"column":33}}]},"56":{"loc":{"start":{"line":292,"column":36},"end":{"line":359,"column":37}},"type":"if","locations":[{"start":{"line":292,"column":36},"end":{"line":359,"column":37}},{"start":{"line":292,"column":36},"end":{"line":359,"column":37}}]},"57":{"loc":{"start":{"line":293,"column":40},"end":{"line":298,"column":41}},"type":"if","locations":[{"start":{"line":293,"column":40},"end":{"line":298,"column":41}},{"start":{"line":293,"column":40},"end":{"line":298,"column":41}}]},"58":{"loc":{"start":{"line":299,"column":40},"end":{"line":317,"column":41}},"type":"if","locations":[{"start":{"line":299,"column":40},"end":{"line":317,"column":41}},{"start":{"line":299,"column":40},"end":{"line":317,"column":41}}]},"59":{"loc":{"start":{"line":302,"column":44},"end":{"line":304,"column":45}},"type":"if","locations":[{"start":{"line":302,"column":44},"end":{"line":304,"column":45}},{"start":{"line":302,"column":44},"end":{"line":304,"column":45}}]},"60":{"loc":{"start":{"line":305,"column":44},"end":{"line":307,"column":45}},"type":"if","locations":[{"start":{"line":305,"column":44},"end":{"line":307,"column":45}},{"start":{"line":305,"column":44},"end":{"line":307,"column":45}}]},"61":{"loc":{"start":{"line":310,"column":52},"end":{"line":312,"column":53}},"type":"if","locations":[{"start":{"line":310,"column":52},"end":{"line":312,"column":53}},{"start":{"line":310,"column":52},"end":{"line":312,"column":53}}]},"62":{"loc":{"start":{"line":318,"column":40},"end":{"line":358,"column":41}},"type":"if","locations":[{"start":{"line":318,"column":40},"end":{"line":358,"column":41}},{"start":{"line":318,"column":40},"end":{"line":358,"column":41}}]},"63":{"loc":{"start":{"line":323,"column":48},"end":{"line":325,"column":49}},"type":"if","locations":[{"start":{"line":323,"column":48},"end":{"line":325,"column":49}},{"start":{"line":323,"column":48},"end":{"line":325,"column":49}}]},"64":{"loc":{"start":{"line":326,"column":48},"end":{"line":328,"column":49}},"type":"if","locations":[{"start":{"line":326,"column":48},"end":{"line":328,"column":49}},{"start":{"line":326,"column":48},"end":{"line":328,"column":49}}]},"65":{"loc":{"start":{"line":331,"column":56},"end":{"line":333,"column":57}},"type":"if","locations":[{"start":{"line":331,"column":56},"end":{"line":333,"column":57}},{"start":{"line":331,"column":56},"end":{"line":333,"column":57}}]},"66":{"loc":{"start":{"line":338,"column":44},"end":{"line":357,"column":45}},"type":"if","locations":[{"start":{"line":338,"column":44},"end":{"line":357,"column":45}},{"start":{"line":338,"column":44},"end":{"line":357,"column":45}}]},"67":{"loc":{"start":{"line":342,"column":48},"end":{"line":344,"column":49}},"type":"if","locations":[{"start":{"line":342,"column":48},"end":{"line":344,"column":49}},{"start":{"line":342,"column":48},"end":{"line":344,"column":49}}]},"68":{"loc":{"start":{"line":345,"column":48},"end":{"line":347,"column":49}},"type":"if","locations":[{"start":{"line":345,"column":48},"end":{"line":347,"column":49}},{"start":{"line":345,"column":48},"end":{"line":347,"column":49}}]},"69":{"loc":{"start":{"line":350,"column":56},"end":{"line":352,"column":57}},"type":"if","locations":[{"start":{"line":350,"column":56},"end":{"line":352,"column":57}},{"start":{"line":350,"column":56},"end":{"line":352,"column":57}}]},"70":{"loc":{"start":{"line":360,"column":36},"end":{"line":393,"column":37}},"type":"if","locations":[{"start":{"line":360,"column":36},"end":{"line":393,"column":37}},{"start":{"line":360,"column":36},"end":{"line":393,"column":37}}]},"71":{"loc":{"start":{"line":365,"column":44},"end":{"line":367,"column":45}},"type":"if","locations":[{"start":{"line":365,"column":44},"end":{"line":367,"column":45}},{"start":{"line":365,"column":44},"end":{"line":367,"column":45}}]},"72":{"loc":{"start":{"line":368,"column":44},"end":{"line":370,"column":45}},"type":"if","locations":[{"start":{"line":368,"column":44},"end":{"line":370,"column":45}},{"start":{"line":368,"column":44},"end":{"line":370,"column":45}}]},"73":{"loc":{"start":{"line":374,"column":40},"end":{"line":386,"column":41}},"type":"if","locations":[{"start":{"line":374,"column":40},"end":{"line":386,"column":41}},{"start":{"line":374,"column":40},"end":{"line":386,"column":41}}]},"74":{"loc":{"start":{"line":378,"column":44},"end":{"line":380,"column":45}},"type":"if","locations":[{"start":{"line":378,"column":44},"end":{"line":380,"column":45}},{"start":{"line":378,"column":44},"end":{"line":380,"column":45}}]},"75":{"loc":{"start":{"line":381,"column":44},"end":{"line":383,"column":45}},"type":"if","locations":[{"start":{"line":381,"column":44},"end":{"line":383,"column":45}},{"start":{"line":381,"column":44},"end":{"line":383,"column":45}}]},"76":{"loc":{"start":{"line":387,"column":40},"end":{"line":392,"column":41}},"type":"if","locations":[{"start":{"line":387,"column":40},"end":{"line":392,"column":41}},{"start":{"line":387,"column":40},"end":{"line":392,"column":41}}]},"77":{"loc":{"start":{"line":397,"column":28},"end":{"line":401,"column":29}},"type":"if","locations":[{"start":{"line":397,"column":28},"end":{"line":401,"column":29}},{"start":{"line":397,"column":28},"end":{"line":401,"column":29}}]},"78":{"loc":{"start":{"line":402,"column":28},"end":{"line":406,"column":29}},"type":"if","locations":[{"start":{"line":402,"column":28},"end":{"line":406,"column":29}},{"start":{"line":402,"column":28},"end":{"line":406,"column":29}}]},"79":{"loc":{"start":{"line":407,"column":28},"end":{"line":424,"column":29}},"type":"if","locations":[{"start":{"line":407,"column":28},"end":{"line":424,"column":29}},{"start":{"line":407,"column":28},"end":{"line":424,"column":29}}]},"80":{"loc":{"start":{"line":409,"column":32},"end":{"line":414,"column":33}},"type":"if","locations":[{"start":{"line":409,"column":32},"end":{"line":414,"column":33}},{"start":{"line":409,"column":32},"end":{"line":414,"column":33}}]},"81":{"loc":{"start":{"line":409,"column":36},"end":{"line":409,"column":87}},"type":"binary-expr","locations":[{"start":{"line":409,"column":36},"end":{"line":409,"column":49}},{"start":{"line":409,"column":53},"end":{"line":409,"column":87}}]},"82":{"loc":{"start":{"line":416,"column":32},"end":{"line":418,"column":33}},"type":"if","locations":[{"start":{"line":416,"column":32},"end":{"line":418,"column":33}},{"start":{"line":416,"column":32},"end":{"line":418,"column":33}}]},"83":{"loc":{"start":{"line":419,"column":32},"end":{"line":423,"column":33}},"type":"if","locations":[{"start":{"line":419,"column":32},"end":{"line":423,"column":33}},{"start":{"line":419,"column":32},"end":{"line":423,"column":33}}]},"84":{"loc":{"start":{"line":431,"column":16},"end":{"line":450,"column":17}},"type":"if","locations":[{"start":{"line":431,"column":16},"end":{"line":450,"column":17}},{"start":{"line":431,"column":16},"end":{"line":450,"column":17}}]},"85":{"loc":{"start":{"line":432,"column":20},"end":{"line":449,"column":21}},"type":"if","locations":[{"start":{"line":432,"column":20},"end":{"line":449,"column":21}},{"start":{"line":432,"column":20},"end":{"line":449,"column":21}}]},"86":{"loc":{"start":{"line":451,"column":16},"end":{"line":453,"column":17}},"type":"if","locations":[{"start":{"line":451,"column":16},"end":{"line":453,"column":17}},{"start":{"line":451,"column":16},"end":{"line":453,"column":17}}]},"87":{"loc":{"start":{"line":466,"column":24},"end":{"line":468,"column":25}},"type":"if","locations":[{"start":{"line":466,"column":24},"end":{"line":468,"column":25}},{"start":{"line":466,"column":24},"end":{"line":468,"column":25}}]},"88":{"loc":{"start":{"line":473,"column":20},"end":{"line":480,"column":21}},"type":"if","locations":[{"start":{"line":473,"column":20},"end":{"line":480,"column":21}},{"start":{"line":473,"column":20},"end":{"line":480,"column":21}}]},"89":{"loc":{"start":{"line":490,"column":24},"end":{"line":492,"column":25}},"type":"if","locations":[{"start":{"line":490,"column":24},"end":{"line":492,"column":25}},{"start":{"line":490,"column":24},"end":{"line":492,"column":25}}]},"90":{"loc":{"start":{"line":496,"column":24},"end":{"line":504,"column":25}},"type":"if","locations":[{"start":{"line":496,"column":24},"end":{"line":504,"column":25}},{"start":{"line":496,"column":24},"end":{"line":504,"column":25}}]},"91":{"loc":{"start":{"line":497,"column":28},"end":{"line":503,"column":29}},"type":"if","locations":[{"start":{"line":497,"column":28},"end":{"line":503,"column":29}},{"start":{"line":497,"column":28},"end":{"line":503,"column":29}}]},"92":{"loc":{"start":{"line":505,"column":24},"end":{"line":513,"column":25}},"type":"if","locations":[{"start":{"line":505,"column":24},"end":{"line":513,"column":25}},{"start":{"line":505,"column":24},"end":{"line":513,"column":25}}]},"93":{"loc":{"start":{"line":505,"column":28},"end":{"line":505,"column":85}},"type":"binary-expr","locations":[{"start":{"line":505,"column":28},"end":{"line":50
[...]
ine":202,"column":8},"end":{"line":203,"column":26}},{"start":{"line":202,"column":8},"end":{"line":203,"column":26}}]},"17":{"loc":{"start":{"line":207,"column":12},"end":{"line":209,"column":13}},"type":"if","locations":[{"start":{"line":207,"column":12},"end":{"line":209,"column":13}},{"start":{"line":207,"column":12},"end":{"line":209,"column":13}}]},"18":{"loc":{"start":{"line":210,"column":12},"end":{"line":212,"column":13}},"type":"if","locations":[{"start":{"line":210,"column":12},"end":{"line":212,"column":13}},{"start":{"line":210,"column":12},"end":{"line":212,"column":13}}]},"19":{"loc":{"start":{"line":217,"column":8},"end":{"line":218,"column":26}},"type":"if","locations":[{"start":{"line":217,"column":8},"end":{"line":218,"column":26}},{"start":{"line":217,"column":8},"end":{"line":218,"column":26}}]},"20":{"loc":{"start":{"line":222,"column":12},"end":{"line":224,"column":13}},"type":"if","locations":[{"start":{"line":222,"column":12},"end":{"line":224,"column":13}},{"start":{"line":222,"column":12},"end":{"line":224,"column":13}}]},"21":{"loc":{"start":{"line":225,"column":12},"end":{"line":227,"column":13}},"type":"if","locations":[{"start":{"line":225,"column":12},"end":{"line":227,"column":13}},{"start":{"line":225,"column":12},"end":{"line":227,"column":13}}]},"22":{"loc":{"start":{"line":232,"column":8},"end":{"line":235,"column":29}},"type":"if","locations":[{"start":{"line":232,"column":8},"end":{"line":235,"column":29}},{"start":{"line":232,"column":8},"end":{"line":235,"column":29}}]},"23":{"loc":{"start":{"line":234,"column":13},"end":{"line":235,"column":29}},"type":"if","locations":[{"start":{"line":234,"column":13},"end":{"line":235,"column":29}},{"start":{"line":234,"column":13},"end":{"line":235,"column":29}}]},"24":{"loc":{"start":{"line":234,"column":17},"end":{"line":234,"column":56}},"type":"binary-expr","locations":[{"start":{"line":234,"column":17},"end":{"line":234,"column":36}},{"start":{"line":234,"column":40},"end":{"line":234,"column":56}}]},"25":{"loc":{"start":{"line":236,"column":8},"end":{"line":237,"column":27}},"type":"if","locations":[{"start":{"line":236,"column":8},"end":{"line":237,"column":27}},{"start":{"line":236,"column":8},"end":{"line":237,"column":27}}]},"26":{"loc":{"start":{"line":236,"column":12},"end":{"line":236,"column":50}},"type":"binary-expr","locations":[{"start":{"line":236,"column":12},"end":{"line":236,"column":31}},{"start":{"line":236,"column":35},"end":{"line":236,"column":50}}]},"27":{"loc":{"start":{"line":238,"column":8},"end":{"line":244,"column":9}},"type":"if","locations":[{"start":{"line":238,"column":8},"end":{"line":244,"column":9}},{"start":{"line":238,"column":8},"end":{"line":244,"column":9}}]},"28":{"loc":{"start":{"line":240,"column":16},"end":{"line":242,"column":17}},"type":"if","locations":[{"start":{"line":240,"column":16},"end":{"line":242,"column":17}},{"start":{"line":240,"column":16},"end":{"line":242,"column":17}}]},"29":{"loc":{"start":{"line":248,"column":8},"end":{"line":254,"column":9}},"type":"if","locations":[{"start":{"line":248,"column":8},"end":{"line":254,"column":9}},{"start":{"line":248,"column":8},"end":{"line":254,"column":9}}]},"30":{"loc":{"start":{"line":250,"column":16},"end":{"line":252,"column":17}},"type":"if","locations":[{"start":{"line":250,"column":16},"end":{"line":252,"column":17}},{"start":{"line":250,"column":16},"end":{"line":252,"column":17}}]},"31":{"loc":{"start":{"line":250,"column":20},"end":{"line":250,"column":117}},"type":"binary-expr","locations":[{"start":{"line":250,"column":20},"end":{"line":250,"column":56}},{"start":{"line":250,"column":60},"end":{"line":250,"column":117}}]},"32":{"loc":{"start":{"line":258,"column":8},"end":{"line":262,"column":9}},"type":"if","locations":[{"start":{"line":258,"column":8},"end":{"line":262,"column":9}},{"start":{"line":258,"column":8},"end":{"line":262,"column":9}}]},"33":{"loc":{"start":{"line":258,"column":12},"end":{"line":258,"column":51}},"type":"binary-expr","locations":[{"start":{"line":258,"column":12},"end":{"line":258,"column":31}},{"start":{"line":258,"column":35},"end":{"line":258,"column":51}}]},"34":{"loc":{"start":{"line":260,"column":13},"end":{"line":262,"column":9}},"type":"if","locations":[{"start":{"line":260,"column":13},"end":{"line":262,"column":9}},{"start":{"line":260,"column":13},"end":{"line":262,"column":9}}]},"35":{"loc":{"start":{"line":260,"column":17},"end":{"line":260,"column":55}},"type":"binary-expr","locations":[{"start":{"line":260,"column":17},"end":{"line":260,"column":36}},{"start":{"line":260,"column":40},"end":{"line":260,"column":55}}]},"36":{"loc":{"start":{"line":310,"column":20},"end":{"line":312,"column":21}},"type":"if","locations":[{"start":{"line":310,"column":20},"end":{"line":312,"column":21}},{"start":{"line":310,"column":20},"end":{"line":312,"column":21}}]}},"s":{"0":1,"1":1,"2":1,"3":1,"4":4,"5":4,"6":4,"7":4,"8":1,"9":1,"10":1,"11":3,"12":1,"13":4,"14":4,"15":4,"16":3,"17":0,"18":0,"19":0,"20":3,"21":3,"22":1,"23":1,"24":1,"25":1,"26":444,"27":444,"28":444,"29":444,"30":444,"31":444,"32":444,"33":444,"34":444,"35":444,"36":444,"37":444,"38":444,"39":444,"40":444,"41":444,"42":444,"43":426,"44":2338,"45":2338,"46":253,"47":2085,"48":0,"49":2085,"50":2085,"51":2085,"52":2085,"53":2085,"54":2085,"55":2085,"56":2085,"57":2085,"58":2085,"59":2085,"60":2085,"61":2085,"62":2085,"63":1,"64":444,"65":444,"66":444,"67":444,"68":444,"69":444,"70":426,"71":426,"72":426,"73":426,"74":426,"75":426,"76":0,"77":1,"78":2085,"79":159,"80":2085,"81":1,"82":159,"83":1,"84":3,"85":3,"86":3,"87":0,"88":0,"89":3,"90":3,"91":3,"92":3,"93":3,"94":3,"95":3,"96":0,"97":0,"98":3,"99":3,"100":3,"101":0,"102":0,"103":0,"104":0,"105":1,"106":3,"107":3,"108":225,"109":225,"110":225,"111":222,"112":222,"113":3,"114":1,"115":444,"116":444,"117":444,"118":444,"119":444,"120":444,"121":0,"122":1,"123":444,"124":444,"125":0,"126":444,"127":1332,"128":444,"129":0,"130":1,"131":444,"132":444,"133":0,"134":444,"135":1,"136":428958,"137":225,"138":428958,"139":428958,"140":844962,"141":7326,"142":844962,"143":427401,"144":428958,"145":1,"146":1064865,"147":0,"148":1064865,"149":1064865,"150":1064865,"151":2282238,"152":22029,"153":2282238,"154":1062198,"155":1064865,"156":1,"157":422514,"158":0,"159":422514,"160":422514,"161":422514,"162":834576,"163":444,"164":834576,"165":422070,"166":422514,"167":1,"168":2754,"169":0,"170":2754,"171":3,"172":2751,"173":222,"174":2751,"175":2751,"176":3195,"177":2751,"178":0,"179":1,"180":3118146,"181":1485600,"182":1790037,"183":22917,"184":3095229,"185":1,"186":2529,"187":444,"188":2085,"189":0,"190":2529,"191":1,"192":712074,"193":1,"194":4,"195":4,"196":4,"197":4,"198":4,"199":4,"200":3,"201":3,"202":3,"203":3,"204":0,"205":0,"206":0,"207":0,"208":1,"209":1,"210":1,"211":6,"212":6,"213":6,"214":6,"215":444,"216":253,"217":253,"218":0,"219":0,"220":6,"221":444,"222":444,"223":1,"224":444,"225":444,"226":444,"227":253,"228":253,"229":0,"230":0,"231":1,"232":1,"233":1},"f":{"0":1,"1":4,"2":1,"3":3,"4":4,"5":4,"6":3,"7":1,"8":444,"9":444,"10":426,"11":444,"12":444,"13":426,"14":426,"15":426,"16":0,"17":2085,"18":159,"19":3,"20":3,"21":3,"22":3,"23":0,"24":0,"25":3,"26":444,"27":444,"28":444,"29":428958,"30":1064865,"31":422514,"32":2754,"33":3118146,"34":2529,"35":712074,"36":4,"37":4,"38":3,"39":3,"40":3,"41":0,"42":0,"43":1,"44":6,"45":6,"46":6,"47":253,"48":0,"49":6,"50":444,"51":444,"52":444,"53":253,"54":0},"b":{"0":[0,3],"1":[444,0],"2":[253,2085],"3":[0,2085],"4":[159,1926],"5":[2085,2085],"6":[0,3],"7":[0,3],"8":[222,3],"9":[444,0],"10":[0,444],"11":[444,888],"12":[0,444],"13":[225,428733],"14":[7326,837636],"15":[427401,417561],"16":[0,1064865],"17":[22029,2260209],"18":[1062198,1220040],"19":[0,422514],"20":[444,834132],"21":[422070,412506],"22":[0,2754],"23":[3,2751],"24":[2754,225],"25":[222,2529],"26":[2751,222],"27":[2751,0],"28":[2751,444],"29":[1485600,1632546],"30":[22917,1767120],"31":[1790037,712074],"32":[444,2085],"33":[2529,444],"34":[0,2085],"35":[2085,0],"36":[444,0]},"_coverageSchema":"332fd63041d2c1bcb487cc26dd0d5f7d97098a6c","hash":"03fc2eff7e103184ba5eecd813f28ae1d048dfce","contentHash":"61d06349344b0eb4d435e748c7f4994f_10.1.2"},"/Users/V/Desktop/School/CS310/cpsc310project_team191/src/controller/Rooms/Building.js":{"path":"/Users/V/Desktop/School/CS310/cpsc310project_team191/src/controller/Rooms/Building.js","statementMap":{"0":{"start":{"line":2,"column":16},"end":{"line":11,"column":3}},"1":{"start":{"line":4,"column":8},"end":{"line":4,"column":24}},"2":{"start":{"line":5,"column":8},"end":{"line":5,"column":36}},"3":{"start":{"line":7,"column":4},"end":{"line":9,"column":6}},"4":{"start":{"line":8,"column":8},"end":{"line":8,"column":49}},"5":{"start":{"line":10,"column":4},"end":{"line":10,"column":20}},"6":{"start":{"line":12,"column":0},"end":{"line":12,"column":62}},"7":{"start":{"line":13,"column":0},"end":{"line":13,"column":27}}},"fnMap":{"0":{"name":"(anonymous_0)","decl":{"start":{"line":2,"column":16},"end":{"line":2,"column":17}},"loc":{"start":{"line":2,"column":28},"end":{"line":11,"column":1}}},"1":{"name":"Building","decl":{"start":{"line":3,"column":13},"end":{"line":3,"column":21}},"loc":{"start":{"line":3,"column":28},"end":{"line":6,"column":5}}},"2":{"name":"(anonymous_2)","decl":{"start":{"line":7,"column":33},"end":{"line":7,"column":34}},"loc":{"start":{"line":7,"column":52},"end":{"line":9,"column":5}}}},"branchMap":{},"s":{"0":1,"1":159,"2":159,"3":1,"4":2085,"5":1,"6":1,"7":1},"f":{"0":1,"1":159,"2":2085},"b":{},"_coverageSchema":"332fd63041d2c1bcb487cc26dd0d5f7d97098a6c","hash":"adb28c505e5c1c93c181901e131c39ddab692b46","contentHash":"f9a2e66bfd9e8787f286762bab0d2e35_10.1.2"},"/Users/V/Desktop/School/CS310/cpsc310project_team191/src/controller/Rooms/Room.js":{"path":"/Users/V/Desktop/School/CS310/cpsc310project_team191/src/controller/Rooms/Room.js","statementMap":{"0":{"start":{"line":2,"column":12},"end":{"line":6,"column":3}},"1":{"start":{"line":5,"column":4},"end":{"line":5,"column":16}},"2":{"start":{"line":7,"column":0},"end":{"line":7,"column":62}},"3":{"start":{"line":8,"column":0},"end":{"line":8,"column":23}}},"fnMap":{"0":{"name":"(anonymous_0)","decl":{"start":{"line":2,"column":12},"end":{"line":2,"column":13}},"loc":{"start":{"line":2,"column":24},"end":{"line":6,"column":1}}},"1":{"name":"Room","decl":{"start":{"line":3,"column":13},"end":{"line":3,"column":17}},"loc":{"start":{"line":3,"column":20},"end":{"line":4,"column":5}}}},"branchMap":{},"s":{"0":1,"1":1,"2":1,"3":1},"f":{"0":1,"1":2338},"b":{},"_coverageSchema":"332fd63041d2c1bcb487cc26dd0d5f7d97098a6c","hash":"f5f2f1a7dea5a6fb62ebeaf6fa3bc5a82af6eba2","contentHash":"91d9a9876a91b8b620a85acc45218504_10.1.2"},"/Users/V/Desktop/School/CS310/cpsc310project_team191/src/rest/Server.js":{"path":"/Users/V/Desktop/School/CS310/cpsc310project_team191/src/rest/Server.js","statementMap":{"0":{"start":{"line":2,"column":14},"end":{"line":2,"column":32}},"1":{"start":{"line":3,"column":22},"end":{"line":3,"column":60}},"2":{"start":{"line":4,"column":14},"end":{"line":103,"column":3}},"3":{"start":{"line":6,"column":8},"end":{"line":6,"column":25}},"4":{"start":{"line":8,"column":4},"end":{"line":15,"column":6}},"5":{"start":{"line":9,"column":19},"end":{"line":9,"column":23}},"6":{"start":{"line":10,"column":8},"end":{"line":14,"column":11}},"7":{"start":{"line":11,"column":12},"end":{"line":13,"column":15}},"8":{"start":{"line":12,"column":16},"end":{"line":12,"column":30}},"9":{"start":{"line":16,"column":4},"end":{"line":44,"column":6}},"10":{"start":{"line":17,"column":19},"end":{"line":17,"column":23}},"11":{"start":{"line":18,"column":8},"end":{"line":43,"column":11}},"12":{"start":{"line":19,"column":12},"end":{"line":42,"column":13}},"13":{"start":{"line":20,"column":16},"end":{"line":22,"column":19}},"14":{"start":{"line":23,"column":16},"end":{"line":23,"column":67}},"15":{"start":{"line":24,"column":16},"end":{"line":24,"column":87}},"16":{"start":{"line":25,"column":16},"end":{"line":28,"column":19}},"17":{"start":{"line":26,"column":20},"end":{"line":26,"column":34}},"18":{"start":{"line":27,"column":20},"end":{"line":27,"column":34}},"19":{"start":{"line":29,"column":16},"end":{"line":29,"column":57}},"20":{"start":{"line":30,"column":16},"end":{"line":30,"column":65}},"21":{"start":{"line":31,"column":16},"end":{"line":31,"column":68}},"22":{"start":{"line":32,"column":16},"end":{"line":32,"column":71}},"23":{"start":{"line":33,"column":16},"end":{"line":35,"column":19}},"24":{"start":{"line":34,"column":20},"end":{"line":34,"column":34}},"25":{"start":{"line":36,"column":16},"end":{"line":38,"column":19}},"26":{"start":{"line":37,"column":20},"end":{"line":37,"column":32}},"27":{"start":{"line":41,"column":16},"end":{"line":41,"column":28}},"28":{"start":{"line":45,"column":4},"end":{"line":57,"column":6}},"29":{"start":{"line":46,"column":8},"end":{"line":55,"column":9}},"30":{"start":{"line":47,"column":12},"end":{"line":51,"column":15}},"31":{"start":{"line":48,"column":16},"end":{"line":48,"column":51}},"32":{"start":{"line":50,"column":16},"end":{"line":50,"column":51}},"33":{"start":{"line":54,"column":12},"end":{"line":54,"column":50}},"34":{"start":{"line":56,"column":8},"end":{"line":56,"column":22}},"35":{"start":{"line":58,"column":4},"end":{"line":70,"column":6}},"36":{"start":{"line":59,"column":8},"end":{"line":68,"column":9}},"37":{"start":{"line":60,"column":12},"end":{"line":64,"column":15}},"38":{"start":{"line":61,"column":16},"end":{"line":61,"column":51}},"39":{"start":{"line":63,"column":16},"end":{"line":63,"column":51}},"40":{"start":{"line":67,"column":12},"end":{"line":67,"column":50}},"41":{"start":{"line":69,"column":8},"end":{"line":69,"column":22}},"42":{"start":{"line":71,"column":4},"end":{"line":83,"column":6}},"43":{"start":{"line":72,"column":8},"end":{"line":81,"column":9}},"44":{"start":{"line":73,"column":12},"end":{"line":77,"column":15}},"45":{"start":{"line":74,"column":16},"end":{"line":74,"column":51}},"46":{"start":{"line":76,"column":16},"end":{"line":76,"column":51}},"47":{"start":{"line":80,"column":12},"end":{"line":80,"column":50}},"48":{"start":{"line":82,"column":8},"end":{"line":82,"column":22}},"49":{"start":{"line":84,"column":4},"end":{"line":93,"column":6}},"50":{"start":{"line":85,"column":8},"end":{"line":91,"column":9}},"51":{"start":{"line":86,"column":25},"end":{"line":86,"column":59}},"52":{"start":{"line":87,"column":12},"end":{"line":87,"column":47}},"53":{"start":{"line":90,"column":12},"end":{"line":90,"column":50}},"54":{"start":{"line":92,"column":8},"end":{"line":92,"column":22}},"55":{"start":{"line":94,"column":4},"end":{"line":101,"column":6}},"56":{"start":{"line":95,"column":8},"end":{"line":100,"column":9}},"57":{"start":{"line":96,"column":12},"end":{"line":96,"column":71}},"58":{"start":{"line":99,"column":12},"end":{"line":99,"column":74}},"59":{"start":{"line":102,"column":4},"end":{"line":102,"column":18}},"60":{"start":{"line":104,"column":0},"end":{"line":104,"column":62}},"61":{"start":{"line":105,"column":0},"end":{"line":105,"column":25}}},"fnMap":{"0":{"name":"(anonymous_0)","decl":{"start":{"line":4,"column":14},"end":{"line":4,"column":15}},"loc":{"start":{"line":4,"column":26},"end":{"line":103,"column":1}}},"1":{"name":"Server","decl":{"start":{"line":5,"column":13},"end":{"line":5,"column":19}},"loc":{"start":{"line":5,"column":26},"end":{"line":7,"column":5}}},"2":{"name":"(anonymous_2)","decl":{"start":{"line":8,"column":28},"end":{"line":8,"column":29}},"loc":{"start":{"line":8,"column":40},"end":{"line":15,"column":5}}},"3":{"name":"(anonymous_3)","decl":{"start":{"line":10,"column":27},"end":{"line":10,"column":28}},"loc":{"start":{"line":10,"column":46},"end":{"line":14,"column":9}}},"4":{"name":"(anonymous_4)","decl":{"start":{"line":11,"column":28},"end":{"line":11,"column":29}},"loc":{"start":{"line":11,"column":40},"end":{"line":13,"column":13}}},"5":{"name":"(anonymous_5)","decl":{"start":{"line":16,"column":29},"end":{"line":16,"column":30}},"loc":{"start":{"line":16,"column":41},"end":{"line":44,"column":5}}},"6":{"name":"(anonymous_6)","decl":{"start":{"line":18,"column":27},"end":{"line":18,"column":28}},"loc":{"start":{"line":18,"column":54},"end":{"line":43,"column":9}}},"7":{"name":"(anonymous_7)","decl":{"start":{"line":25,"column":35},"end":{"line":25,"column":36}},"loc":{"start":{"line":25,"column":61},"end":{"line":28,"column":17}}},"8":{"name":"(anonymous_8)","decl":{"start":{"line":33,"column":44},"end":{"line":33,"column":45}},"loc":{"start":{"line":33,"column":56},"end":{"line":35,"column":17}}},"9":{"name":"(anonymous_9)","decl":{"start":{"line":36,"column":38},"end":{"line":36,"column":39}},"loc":{"start":{"line":36,"column":53},"end":{"line":38,"column":17}}},"10":{"name":"(anonymous_10)","decl":{"start":{"line":45,"column":24},"end":{"line":45,"column":25}},"loc":{"start":{"line":45,"column":50},"end":{"line":57,"column":5}}},"11":{"name":"(anonymous_11)","decl":{"start":{"line":47,"column":81},"end":{"line":47,"column":82}},"loc":{"start":{"line":47,"column":99},"end":{"line":49,"column":13}}},"12":{"name":"(anonymous_12)","decl":{"start":{"line":49,"column":21},"end":{"line":49,"column":22}},"loc":{"start":{"line":49,"column":39},"end":{"line":51,"column":13}}},"13":{"name":"(anonymous_13)","decl":{"start":{"line":58,"column":27},"end":{"line":58,"column":28}},"loc":{"start":{"line":58,"column":53},"end":{"line":70,"column":5}}},"14":{"name":"(anonymous_14)","decl":{"start":{"line":60,"column":67},"end":{"line":60,"column":68}},"loc":{"start":{"line":60,"column":85},"end":{"line":62,"column":13}}},"15":{"name":"(anonymous_15)","decl":{"start":{"line":62,"column":21},"end":{"line":62,"column":22}},"loc":{"start":{"line":62,"column":39},"end":{"line":64,"column":13}}},"16":{"name":"(anonymous_16)","decl":{"start":{"line":71,"column":26},"end":{"line":71,"column":27}},"loc":{"start":{"line":71,"column":52},"end":{"line":83,"column":5}}},"17":{"name":"(anonymous_17)","decl":{"start":{"line":73,"column":71},"end":{"line":73,"column":72}},"loc":{"start":{"line":73,"column":89},"end":{"line":75,"column":13}}},"18":{"name":"(anonymous_18)","decl":{"start":{"line":75,"column":21},"end":{"line":75,"column":22}},"loc":{"start":{"line":75,"column":39},"end":{"line":77,"column":13}}},"19":{"name":"(anonymous_19)","decl":{"start":{"line":84,"column":18},"end":{"line":84,"column":19}},"loc":{"start":{"line":84,"column":44},"end":{"line":93,"column":5}}},"20":{"name":"(anonymous_20)","decl":{"start":{"line":94,"column":25},"end":{"line":94,"column":26}},"loc":{"start":{"line":94,"column":40},"end":{"line":101,"column":5}}}},"branchMap":{"0":{"loc":{"start":{"line":95,"column":8},"end":{"line":100,"column":9}},"type":"if","locations":[{"start":{"line":95,"column":8},"end":{"line":100,"column":9}},{"start":{"line":95,"column":8},"end":{"line":100,"column":9}}]},"1":{"loc":{"start":{"line":95,"column":12},"end":{"line":95,"column":54}},"type":"binary-expr","locations":[{"start":{"line":95,"column":12},"end":{"line":95,"column":38}},{"start":{"line":95,"column":42},"end":{"line":95,"column":54}}]}},"s":{"0":1,"1":1,"2":1,"3":1,"4":1,"5":1,"6":1,"7":1,"8":1,"9":1,"10":1,"11":1,"12":1,"13":1,"14":1,"15":1,"16":1,"17":1,"18":1,"19":1,"20":1,"21":1,"22":1,"23":1,"24":1,"25":1,"26":0,"27":0,"28":1,"29":1,"30":1,"31":1,"32":0,"33":0,"34":1,"35":1,"36":1,"37":1,"38":1,"39":0,"40":0,"41":1,"42":1,"43":1,"44":1,"45":1,"46":0,"47":0,"48":1,"49":1,"50":1,"51":1,"52":1,"53":0,"54":1,"55":1,"56":5,"57":3,"58":2,"59":1,"60":1,"61":1},"f":{"0":1,"1":1,"2":1,"3":1,"4":1,"5":1,"6":1,"7":1,"8":1,"9":0,"10":1,"11":1,"12":0,"13":1,"14":1,"15":0,"16":1,"17":1,"18":0,"19":1,"20":5},"b":{"0":[3,2],"1":[5,4]},"_coverageSchema":"332fd63041d2c1bcb487cc26dd0d5f7d97098a6c","hash":"137f9df34d0907a706f8f7cfb662ba2e1ac0fbfd","contentHash":"7cc8b084595dc0fa1a4cc36e8ea09601_10.1.2"}}